ARM GAS  /tmp/ccJbW6Iw.s 			page 1


   1              		.cpu cortex-m0
   2              		.eabi_attribute 20, 1
   3              		.eabi_attribute 21, 1
   4              		.eabi_attribute 23, 3
   5              		.eabi_attribute 24, 1
   6              		.eabi_attribute 25, 1
   7              		.eabi_attribute 26, 1
   8              		.eabi_attribute 30, 6
   9              		.eabi_attribute 34, 0
  10              		.eabi_attribute 18, 4
  11              		.file	"fans.c"
  12              		.text
  13              	.Ltext0:
  14              		.cfi_sections	.debug_frame
  15              		.section	.text.fans_init,"ax",%progbits
  16              		.align	1
  17              		.global	fans_init
  18              		.syntax unified
  19              		.code	16
  20              		.thumb_func
  21              		.fpu softvfp
  23              	fans_init:
  24              	.LFB37:
  25              		.file 1 "src/fans.c"
   1:src/fans.c    **** #include <stdbool.h>
   2:src/fans.c    **** #include <stdint.h>
   3:src/fans.c    **** 
   4:src/fans.c    **** #include "fans.h"
   5:src/fans.c    **** #include "tim.h"
   6:src/fans.c    **** #include "stm32f0xx_hal_tim.h"
   7:src/fans.c    **** 
   8:src/fans.c    **** void fans_init(void) {
  26              		.loc 1 8 0
  27              		.cfi_startproc
  28              		@ args = 0, pretend = 0, frame = 0
  29              		@ frame_needed = 1, uses_anonymous_args = 0
  30 0000 80B5     		push	{r7, lr}
  31              		.cfi_def_cfa_offset 8
  32              		.cfi_offset 7, -8
  33              		.cfi_offset 14, -4
  34 0002 00AF     		add	r7, sp, #0
  35              		.cfi_def_cfa_register 7
   9:src/fans.c    ****     MX_TIM1_Init();
  36              		.loc 1 9 0
  37 0004 FFF7FEFF 		bl	MX_TIM1_Init
  10:src/fans.c    ****     HAL_TIM_PWM_Start(&htim1, TIM_CHANNEL_1);
  38              		.loc 1 10 0
  39 0008 0C4B     		ldr	r3, .L2
  40 000a 0021     		movs	r1, #0
  41 000c 1800     		movs	r0, r3
  42 000e FFF7FEFF 		bl	HAL_TIM_PWM_Start
  11:src/fans.c    ****     HAL_TIM_PWM_Start(&htim1, TIM_CHANNEL_2);
  43              		.loc 1 11 0
  44 0012 0A4B     		ldr	r3, .L2
  45 0014 0421     		movs	r1, #4
  46 0016 1800     		movs	r0, r3
  47 0018 FFF7FEFF 		bl	HAL_TIM_PWM_Start
ARM GAS  /tmp/ccJbW6Iw.s 			page 2


  12:src/fans.c    **** 
  13:src/fans.c    ****     HAL_GPIO_WritePin(GPIOB, GPIO_PIN_10, GPIO_PIN_SET);
  48              		.loc 1 13 0
  49 001c 8023     		movs	r3, #128
  50 001e DB00     		lsls	r3, r3, #3
  51 0020 0748     		ldr	r0, .L2+4
  52 0022 0122     		movs	r2, #1
  53 0024 1900     		movs	r1, r3
  54 0026 FFF7FEFF 		bl	HAL_GPIO_WritePin
  14:src/fans.c    ****     HAL_GPIO_WritePin(GPIOB, GPIO_PIN_4, GPIO_PIN_RESET);
  55              		.loc 1 14 0
  56 002a 054B     		ldr	r3, .L2+4
  57 002c 0022     		movs	r2, #0
  58 002e 1021     		movs	r1, #16
  59 0030 1800     		movs	r0, r3
  60 0032 FFF7FEFF 		bl	HAL_GPIO_WritePin
  15:src/fans.c    **** }
  61              		.loc 1 15 0
  62 0036 C046     		nop
  63 0038 BD46     		mov	sp, r7
  64              		@ sp needed
  65 003a 80BD     		pop	{r7, pc}
  66              	.L3:
  67              		.align	2
  68              	.L2:
  69 003c 00000000 		.word	htim1
  70 0040 00040048 		.word	1207960576
  71              		.cfi_endproc
  72              	.LFE37:
  74              		.section	.text.set_fan,"ax",%progbits
  75              		.align	1
  76              		.global	set_fan
  77              		.syntax unified
  78              		.code	16
  79              		.thumb_func
  80              		.fpu softvfp
  82              	set_fan:
  83              	.LFB38:
  16:src/fans.c    **** 
  17:src/fans.c    **** void set_fan(fan_t fan, uint16_t speed) {
  84              		.loc 1 17 0
  85              		.cfi_startproc
  86              		@ args = 0, pretend = 0, frame = 8
  87              		@ frame_needed = 1, uses_anonymous_args = 0
  88 0000 80B5     		push	{r7, lr}
  89              		.cfi_def_cfa_offset 8
  90              		.cfi_offset 7, -8
  91              		.cfi_offset 14, -4
  92 0002 82B0     		sub	sp, sp, #8
  93              		.cfi_def_cfa_offset 16
  94 0004 00AF     		add	r7, sp, #0
  95              		.cfi_def_cfa_register 7
  96 0006 0200     		movs	r2, r0
  97 0008 FB1D     		adds	r3, r7, #7
  98 000a 1A70     		strb	r2, [r3]
  99 000c 3B1D     		adds	r3, r7, #4
 100 000e 0A1C     		adds	r2, r1, #0
ARM GAS  /tmp/ccJbW6Iw.s 			page 3


 101 0010 1A80     		strh	r2, [r3]
  18:src/fans.c    ****     switch (fan) {
 102              		.loc 1 18 0
 103 0012 FB1D     		adds	r3, r7, #7
 104 0014 1B78     		ldrb	r3, [r3]
 105 0016 002B     		cmp	r3, #0
 106 0018 02D0     		beq	.L6
 107 001a 012B     		cmp	r3, #1
 108 001c 06D0     		beq	.L7
  19:src/fans.c    ****         case TOP_FAN:
  20:src/fans.c    ****             __HAL_TIM_SET_COMPARE(&htim1, TIM_CHANNEL_1, speed);
  21:src/fans.c    ****             break;
  22:src/fans.c    ****         case BOTTOM_FAN:
  23:src/fans.c    ****             __HAL_TIM_SET_COMPARE(&htim1, TIM_CHANNEL_2, speed);
  24:src/fans.c    ****             break;
  25:src/fans.c    ****     }
  26:src/fans.c    **** }
 109              		.loc 1 26 0
 110 001e 0DE0     		b	.L8
 111              	.L6:
  20:src/fans.c    ****             break;
 112              		.loc 1 20 0
 113 0020 084B     		ldr	r3, .L9
 114 0022 1B68     		ldr	r3, [r3]
 115 0024 3A1D     		adds	r2, r7, #4
 116 0026 1288     		ldrh	r2, [r2]
 117 0028 5A63     		str	r2, [r3, #52]
  21:src/fans.c    ****         case BOTTOM_FAN:
 118              		.loc 1 21 0
 119 002a 07E0     		b	.L5
 120              	.L7:
  23:src/fans.c    ****             break;
 121              		.loc 1 23 0
 122 002c 054B     		ldr	r3, .L9
 123 002e 1B68     		ldr	r3, [r3]
 124 0030 3433     		adds	r3, r3, #52
 125 0032 0433     		adds	r3, r3, #4
 126 0034 3A1D     		adds	r2, r7, #4
 127 0036 1288     		ldrh	r2, [r2]
 128 0038 1A60     		str	r2, [r3]
  24:src/fans.c    ****     }
 129              		.loc 1 24 0
 130 003a C046     		nop
 131              	.L5:
 132              	.L8:
 133              		.loc 1 26 0
 134 003c C046     		nop
 135 003e BD46     		mov	sp, r7
 136 0040 02B0     		add	sp, sp, #8
 137              		@ sp needed
 138 0042 80BD     		pop	{r7, pc}
 139              	.L10:
 140              		.align	2
 141              	.L9:
 142 0044 00000000 		.word	htim1
 143              		.cfi_endproc
 144              	.LFE38:
ARM GAS  /tmp/ccJbW6Iw.s 			page 4


 146              		.text
 147              	.Letext0:
 148              		.file 2 "/home/lhaug/Applications/gcc-arm-none-eabi-7-2018-q2-update/arm-none-eabi/include/machine
 149              		.file 3 "/home/lhaug/Applications/gcc-arm-none-eabi-7-2018-q2-update/arm-none-eabi/include/sys/_st
 150              		.file 4 "inc/fans.h"
 151              		.file 5 "cube/Drivers/CMSIS/Device/ST/STM32F0xx/Include/system_stm32f0xx.h"
 152              		.file 6 "cube/Drivers/CMSIS/Device/ST/STM32F0xx/Include/stm32f072xb.h"
 153              		.file 7 "/home/lhaug/Applications/gcc-arm-none-eabi-7-2018-q2-update/arm-none-eabi/include/sys/loc
 154              		.file 8 "/home/lhaug/Applications/gcc-arm-none-eabi-7-2018-q2-update/arm-none-eabi/include/sys/_ty
 155              		.file 9 "/home/lhaug/Applications/gcc-arm-none-eabi-7-2018-q2-update/lib/gcc/arm-none-eabi/7.3.1/i
 156              		.file 10 "/home/lhaug/Applications/gcc-arm-none-eabi-7-2018-q2-update/arm-none-eabi/include/sys/re
 157              		.file 11 "cube/Drivers/STM32F0xx_HAL_Driver/Inc/stm32f0xx_hal_def.h"
 158              		.file 12 "cube/Drivers/STM32F0xx_HAL_Driver/Inc/stm32f0xx_hal_gpio.h"
 159              		.file 13 "cube/Drivers/STM32F0xx_HAL_Driver/Inc/stm32f0xx_hal_dma.h"
 160              		.file 14 "cube/Drivers/STM32F0xx_HAL_Driver/Inc/stm32f0xx_hal_tim.h"
 161              		.file 15 "cube/Inc/tim.h"
ARM GAS  /tmp/ccJbW6Iw.s 			page 5


DEFINED SYMBOLS
                            *ABS*:0000000000000000 fans.c
     /tmp/ccJbW6Iw.s:16     .text.fans_init:0000000000000000 $t
     /tmp/ccJbW6Iw.s:23     .text.fans_init:0000000000000000 fans_init
     /tmp/ccJbW6Iw.s:69     .text.fans_init:000000000000003c $d
     /tmp/ccJbW6Iw.s:75     .text.set_fan:0000000000000000 $t
     /tmp/ccJbW6Iw.s:82     .text.set_fan:0000000000000000 set_fan
     /tmp/ccJbW6Iw.s:142    .text.set_fan:0000000000000044 $d
                           .group:0000000000000000 wm4.0.b7c3d577b02d87ac381ee43eef398462
                           .group:0000000000000000 wm4.stdbool.h.29.07dce69c3b78884144b7f7bd19483461
                           .group:0000000000000000 wm4._newlib_version.h.4.875b979a44719054cd750d0952ad3fd6
                           .group:0000000000000000 wm4.features.h.33.d0b7f3cd6ee95f610104014bb3ed522a
                           .group:0000000000000000 wm4._default_types.h.15.247e5cd201eca3442cbf5404108c4935
                           .group:0000000000000000 wm4._intsup.h.10.cce27fed8484c08a33f522034c30d2b5
                           .group:0000000000000000 wm4._stdint.h.10.c24fa3af3bc1706662bb5593a907e841
                           .group:0000000000000000 wm4.stdint.h.23.d53047a68f4a85177f80b422d52785ed
                           .group:0000000000000000 wm4.main.h.42.3939338cba6ab0a8b761d08be8206d51
                           .group:0000000000000000 wm4.stm32f0xx_hal_conf.h.51.b0c07d2233f75e3b04f03d95093d88ca
                           .group:0000000000000000 wm4.stm32f0xx.h.55.6dda558900ae83b4ddf41af91bcbf2f5
                           .group:0000000000000000 wm4.stm32f072xb.h.53.c99f4c72149ed98740992cfc418a4d39
                           .group:0000000000000000 wm4.core_cm0.h.42.7022e4f00906b4c8e9c5322381e90c37
                           .group:0000000000000000 wm4.cmsis_gcc.h.36.5bb14fd68ce7855540fcfe2d9305ae16
                           .group:0000000000000000 wm4.core_cm0.h.175.2353140684a11cc8267b4125ac92735e
                           .group:0000000000000000 wm4.stm32f072xb.h.653.664388dc5ef2a697008be7ff13986fc5
                           .group:0000000000000000 wm4.stm32f0xx.h.186.8a2f1abf0fccd74c76b01fef06350694
                           .group:0000000000000000 wm4.newlib.h.8.f6e543eac3f2f65163ba2ffe3b04987b
                           .group:0000000000000000 wm4.ieeefp.h.77.220d9cccac42cd58761758bee2df4ce6
                           .group:0000000000000000 wm4.config.h.220.6cac6a9685cfce5e83c17784171638d9
                           .group:0000000000000000 wm4._ansi.h.31.de524f58584151836e90d8620a16f8e8
                           .group:0000000000000000 wm4.stdio.h.31.7c0e28c411445f3f9c5b11accf882760
                           .group:0000000000000000 wm4.stddef.h.187.2ff233552538c6ff9b8575ca8ea52cb3
                           .group:0000000000000000 wm4.cdefs.h.47.0bcdf94cb40e176393dd1404056825b4
                           .group:0000000000000000 wm4.stddef.h.39.ec95e8feac892e292b69dc7ae75b0d64
                           .group:0000000000000000 wm4.stdarg.h.34.3a23a216c0c293b3d2ea2e89281481e6
                           .group:0000000000000000 wm4.lock.h.2.1461d1fff82dffe8bfddc23307f6484f
                           .group:0000000000000000 wm4._types.h.125.5cf8a495f1f7ef36777ad868a1e32068
                           .group:0000000000000000 wm4.stddef.h.161.5349cb105733e8777bfb0cf53c4e3f34
                           .group:0000000000000000 wm4._types.h.184.03611d4f6b5bec9997bcf4279eceba07
                           .group:0000000000000000 wm4.reent.h.17.90c2574d4acdcfce933db5cb09ff35fe
                           .group:0000000000000000 wm4.types.h.40.e8c16e7ec36ba55f133d0616070e25fc
                           .group:0000000000000000 wm4.types.h.114.fb65732f4f5f288a036a25898de2c91f
                           .group:0000000000000000 wm4.stdio.h.2.4aa87247282eca6c8f36f9de33d8df1a
                           .group:0000000000000000 wm4.stdio.h.81.2a55589bfa3ee24eeb84e3c79458e4a9
                           .group:0000000000000000 wm4.stm32f0xx_hal_def.h.76.81362c22f1bfa407bb20bdc5ef2fe817
                           .group:0000000000000000 wm4.stm32f0xx_hal_rcc.h.64.1680b96367ed05251327e73e2ef7e0a0
                           .group:0000000000000000 wm4.stm32f0xx_hal_rcc_ex.h.38.fed157297eb0e49fa475a8f4d962b1a1
                           .group:0000000000000000 wm4.stm32f0xx_hal_gpio.h.38.5de46a121e30d1d136216266f57becb9
                           .group:0000000000000000 wm4.stm32f0xx_hal_gpio_ex.h.38.4ae096506dfd35e4cd1e2bfdbf19c71f
                           .group:0000000000000000 wm4.stm32f0xx_hal_dma.h.38.9bc992aa465d2468bc055502b51063f3
                           .group:0000000000000000 wm4.stm32f0xx_hal_dma_ex.h.38.c2269542e0bcc97944af39289a0a60b8
                           .group:0000000000000000 wm4.stm32f0xx_hal_dma.h.500.3b36a5be41f3e2ac138f4041ccf5cecb
                           .group:0000000000000000 wm4.stm32f0xx_hal_cortex.h.38.61b1088b7495d338bc65ee2571a0bb95
                           .group:0000000000000000 wm4.stm32f0xx_hal_adc.h.38.e3e4bca0d8b91dc0f73ca672bc0e5aca
                           .group:0000000000000000 wm4.stm32f0xx_hal_adc_ex.h.38.79c684f1976d63630feab98f4d82be4a
                           .group:0000000000000000 wm4.stm32f0xx_hal_flash.h.38.752a2d52b6ea91b900355f4ecd0538c0
                           .group:0000000000000000 wm4.stm32f0xx_hal_flash_ex.h.38.8097982a0077322c9b7a892e64a756d8
                           .group:0000000000000000 wm4.stm32f0xx_hal_i2c.h.38.387f38a4bc9cbea958e7081da9f60815
ARM GAS  /tmp/ccJbW6Iw.s 			page 6


                           .group:0000000000000000 wm4.stm32f0xx_hal_i2c_ex.h.38.9a4523b2ddbaaa2727287ccab47d88d1
                           .group:0000000000000000 wm4.stm32f0xx_hal_i2c.h.625.1e7eff54876bba211f769007bbafd5f1
                           .group:0000000000000000 wm4.stm32f0xx_hal_pwr.h.38.2c4d8c2e90fc76cec57b78b078d485d1
                           .group:0000000000000000 wm4.stm32f0xx_hal_pwr_ex.h.38.e18331c4036598a45f5d1fd3922b2997
                           .group:0000000000000000 wm4.stm32f0xx_hal_tim.h.38.42f3ee0b54a54fc44c665553058edb38
                           .group:0000000000000000 wm4.stm32f0xx_hal_tim_ex.h.38.12cd16a4e412877272e70689edb6b518
                           .group:0000000000000000 wm4.stm32f0xx_hal_uart.h.38.e5eada3cdf37ca88de33bd21ddd21a5e
                           .group:0000000000000000 wm4.stm32f0xx_hal_uart_ex.h.38.9430c2ca5ec832677dbe7308c46115fd
                           .group:0000000000000000 wm4.stm32f0xx_hal.h.70.818459bc3b31dd9e51543930b5b3b8df

UNDEFINED SYMBOLS
MX_TIM1_Init
HAL_TIM_PWM_Start
HAL_GPIO_WritePin
htim1
