ARM GAS  /tmp/ccuqFV5H.s 			page 1


   1              		.cpu cortex-m0
   2              		.eabi_attribute 20, 1
   3              		.eabi_attribute 21, 1
   4              		.eabi_attribute 23, 3
   5              		.eabi_attribute 24, 1
   6              		.eabi_attribute 25, 1
   7              		.eabi_attribute 26, 1
   8              		.eabi_attribute 30, 1
   9              		.eabi_attribute 34, 0
  10              		.eabi_attribute 18, 4
  11              		.file	"main.c"
  12              		.text
  13              	.Ltext0:
  14              		.cfi_sections	.debug_frame
  15              		.section	.text.main,"ax",%progbits
  16              		.align	1
  17              		.global	main
  18              		.syntax unified
  19              		.code	16
  20              		.thumb_func
  21              		.fpu softvfp
  23              	main:
  24              	.LFB0:
  25              		.file 1 "src/main.c"
   1:src/main.c    **** /**
   2:src/main.c    ****  * @file main.c
   3:src/main.c    ****  *
   4:src/main.c    ****  * @brief Main function
   5:src/main.c    ****  */
   6:src/main.c    **** 
   7:src/main.c    **** #include "mcu.h"
   8:src/main.c    **** 
   9:src/main.c    **** /*****************************************
  10:src/main.c    ****  * Private Constant Definitions
  11:src/main.c    ****  *****************************************/
  12:src/main.c    **** #define LED_TOGGLE_DELAY_MS 1500
  13:src/main.c    **** 
  14:src/main.c    **** /*****************************************
  15:src/main.c    ****  * Main Function
  16:src/main.c    ****  *****************************************/
  17:src/main.c    **** int main(void) {
  26              		.loc 1 17 0
  27              		.cfi_startproc
  28              		@ Volatile: function does not return.
  29              		@ args = 0, pretend = 0, frame = 0
  30              		@ frame_needed = 0, uses_anonymous_args = 0
  31 0000 10B5     		push	{r4, lr}
  32              		.cfi_def_cfa_offset 8
  33              		.cfi_offset 4, -8
  34              		.cfi_offset 14, -4
  18:src/main.c    ****     mcu_init();
  35              		.loc 1 18 0
  36 0002 FFF7FEFF 		bl	mcu_init
  37              	.LVL0:
  38              	.L2:
  19:src/main.c    **** 
  20:src/main.c    ****     for (;;) {
ARM GAS  /tmp/ccuqFV5H.s 			page 2


  21:src/main.c    ****         led_toggle();
  39              		.loc 1 21 0 discriminator 1
  40 0006 FFF7FEFF 		bl	led_toggle
  41              	.LVL1:
  22:src/main.c    ****         mcu_sleep(LED_TOGGLE_DELAY_MS);
  42              		.loc 1 22 0 discriminator 1
  43 000a 0248     		ldr	r0, .L3
  44 000c FFF7FEFF 		bl	mcu_sleep
  45              	.LVL2:
  46 0010 F9E7     		b	.L2
  47              	.L4:
  48 0012 C046     		.align	2
  49              	.L3:
  50 0014 DC050000 		.word	1500
  51              		.cfi_endproc
  52              	.LFE0:
  54              		.text
  55              	.Letext0:
  56              		.file 2 "inc/mcu.h"
ARM GAS  /tmp/ccuqFV5H.s 			page 3


DEFINED SYMBOLS
                            *ABS*:0000000000000000 main.c
     /tmp/ccuqFV5H.s:16     .text.main:0000000000000000 $t
     /tmp/ccuqFV5H.s:23     .text.main:0000000000000000 main
     /tmp/ccuqFV5H.s:50     .text.main:0000000000000014 $d
                           .group:0000000000000000 wm4.0.f4162676b8f623651f7a1199aa7e48f7
                           .group:0000000000000000 wm4._newlib_version.h.4.875b979a44719054cd750d0952ad3fd6
                           .group:0000000000000000 wm4.features.h.33.d0b7f3cd6ee95f610104014bb3ed522a
                           .group:0000000000000000 wm4._default_types.h.15.247e5cd201eca3442cbf5404108c4935
                           .group:0000000000000000 wm4._intsup.h.10.cce27fed8484c08a33f522034c30d2b5
                           .group:0000000000000000 wm4._stdint.h.10.c24fa3af3bc1706662bb5593a907e841
                           .group:0000000000000000 wm4.stdint.h.23.d53047a68f4a85177f80b422d52785ed

UNDEFINED SYMBOLS
mcu_init
led_toggle
mcu_sleep
