ARM GAS  /tmp/ccoLTJ33.s 			page 1


   1              		.cpu cortex-m0
   2              		.eabi_attribute 20, 1
   3              		.eabi_attribute 21, 1
   4              		.eabi_attribute 23, 3
   5              		.eabi_attribute 24, 1
   6              		.eabi_attribute 25, 1
   7              		.eabi_attribute 26, 1
   8              		.eabi_attribute 30, 6
   9              		.eabi_attribute 34, 0
  10              		.eabi_attribute 18, 4
  11              		.file	"stm32f0xx_hal_i2c_ex.c"
  12              		.text
  13              	.Ltext0:
  14              		.cfi_sections	.debug_frame
  15              		.section	.text.HAL_I2CEx_ConfigAnalogFilter,"ax",%progbits
  16              		.align	1
  17              		.global	HAL_I2CEx_ConfigAnalogFilter
  18              		.syntax unified
  19              		.code	16
  20              		.thumb_func
  21              		.fpu softvfp
  23              	HAL_I2CEx_ConfigAnalogFilter:
  24              	.LFB37:
  25              		.file 1 "cube/Drivers/STM32F0xx_HAL_Driver/Src/stm32f0xx_hal_i2c_ex.c"
   1:cube/Drivers/STM32F0xx_HAL_Driver/Src/stm32f0xx_hal_i2c_ex.c **** /**
   2:cube/Drivers/STM32F0xx_HAL_Driver/Src/stm32f0xx_hal_i2c_ex.c ****   ******************************************************************************
   3:cube/Drivers/STM32F0xx_HAL_Driver/Src/stm32f0xx_hal_i2c_ex.c ****   * @file    stm32f0xx_hal_i2c_ex.c
   4:cube/Drivers/STM32F0xx_HAL_Driver/Src/stm32f0xx_hal_i2c_ex.c ****   * @author  MCD Application Team
   5:cube/Drivers/STM32F0xx_HAL_Driver/Src/stm32f0xx_hal_i2c_ex.c ****   * @brief   I2C Extended HAL module driver.
   6:cube/Drivers/STM32F0xx_HAL_Driver/Src/stm32f0xx_hal_i2c_ex.c ****   *          This file provides firmware functions to manage the following
   7:cube/Drivers/STM32F0xx_HAL_Driver/Src/stm32f0xx_hal_i2c_ex.c ****   *          functionalities of I2C Extended peripheral:
   8:cube/Drivers/STM32F0xx_HAL_Driver/Src/stm32f0xx_hal_i2c_ex.c ****   *           + Extended features functions
   9:cube/Drivers/STM32F0xx_HAL_Driver/Src/stm32f0xx_hal_i2c_ex.c ****   *
  10:cube/Drivers/STM32F0xx_HAL_Driver/Src/stm32f0xx_hal_i2c_ex.c ****   @verbatim
  11:cube/Drivers/STM32F0xx_HAL_Driver/Src/stm32f0xx_hal_i2c_ex.c ****   ==============================================================================
  12:cube/Drivers/STM32F0xx_HAL_Driver/Src/stm32f0xx_hal_i2c_ex.c ****                ##### I2C peripheral Extended features  #####
  13:cube/Drivers/STM32F0xx_HAL_Driver/Src/stm32f0xx_hal_i2c_ex.c ****   ==============================================================================
  14:cube/Drivers/STM32F0xx_HAL_Driver/Src/stm32f0xx_hal_i2c_ex.c **** 
  15:cube/Drivers/STM32F0xx_HAL_Driver/Src/stm32f0xx_hal_i2c_ex.c ****   [..] Comparing to other previous devices, the I2C interface for STM32F0xx
  16:cube/Drivers/STM32F0xx_HAL_Driver/Src/stm32f0xx_hal_i2c_ex.c ****        devices contains the following additional features
  17:cube/Drivers/STM32F0xx_HAL_Driver/Src/stm32f0xx_hal_i2c_ex.c **** 
  18:cube/Drivers/STM32F0xx_HAL_Driver/Src/stm32f0xx_hal_i2c_ex.c ****        (+) Possibility to disable or enable Analog Noise Filter
  19:cube/Drivers/STM32F0xx_HAL_Driver/Src/stm32f0xx_hal_i2c_ex.c ****        (+) Use of a configured Digital Noise Filter
  20:cube/Drivers/STM32F0xx_HAL_Driver/Src/stm32f0xx_hal_i2c_ex.c ****        (+) Disable or enable wakeup from Stop mode
  21:cube/Drivers/STM32F0xx_HAL_Driver/Src/stm32f0xx_hal_i2c_ex.c **** 
  22:cube/Drivers/STM32F0xx_HAL_Driver/Src/stm32f0xx_hal_i2c_ex.c ****                      ##### How to use this driver #####
  23:cube/Drivers/STM32F0xx_HAL_Driver/Src/stm32f0xx_hal_i2c_ex.c ****   ==============================================================================
  24:cube/Drivers/STM32F0xx_HAL_Driver/Src/stm32f0xx_hal_i2c_ex.c ****   [..] This driver provides functions to configure Noise Filter and Wake Up Feature
  25:cube/Drivers/STM32F0xx_HAL_Driver/Src/stm32f0xx_hal_i2c_ex.c ****     (#) Configure I2C Analog noise filter using the function HAL_I2CEx_ConfigAnalogFilter()
  26:cube/Drivers/STM32F0xx_HAL_Driver/Src/stm32f0xx_hal_i2c_ex.c ****     (#) Configure I2C Digital noise filter using the function HAL_I2CEx_ConfigDigitalFilter()
  27:cube/Drivers/STM32F0xx_HAL_Driver/Src/stm32f0xx_hal_i2c_ex.c ****     (#) Configure the enable or disable of I2C Wake Up Mode using the functions :
  28:cube/Drivers/STM32F0xx_HAL_Driver/Src/stm32f0xx_hal_i2c_ex.c ****           (++) HAL_I2CEx_EnableWakeUp()
  29:cube/Drivers/STM32F0xx_HAL_Driver/Src/stm32f0xx_hal_i2c_ex.c ****           (++) HAL_I2CEx_DisableWakeUp()
  30:cube/Drivers/STM32F0xx_HAL_Driver/Src/stm32f0xx_hal_i2c_ex.c ****     (#) Configure the enable or disable of fast mode plus driving capability using the functions :
  31:cube/Drivers/STM32F0xx_HAL_Driver/Src/stm32f0xx_hal_i2c_ex.c ****           (++) HAL_I2CEx_EnableFastModePlus()
  32:cube/Drivers/STM32F0xx_HAL_Driver/Src/stm32f0xx_hal_i2c_ex.c ****           (++) HAL_I2CEx_DisableFastModePlus()
  33:cube/Drivers/STM32F0xx_HAL_Driver/Src/stm32f0xx_hal_i2c_ex.c ****   @endverbatim
ARM GAS  /tmp/ccoLTJ33.s 			page 2


  34:cube/Drivers/STM32F0xx_HAL_Driver/Src/stm32f0xx_hal_i2c_ex.c ****   ******************************************************************************
  35:cube/Drivers/STM32F0xx_HAL_Driver/Src/stm32f0xx_hal_i2c_ex.c ****   * @attention
  36:cube/Drivers/STM32F0xx_HAL_Driver/Src/stm32f0xx_hal_i2c_ex.c ****   *
  37:cube/Drivers/STM32F0xx_HAL_Driver/Src/stm32f0xx_hal_i2c_ex.c ****   * <h2><center>&copy; COPYRIGHT(c) 2016 STMicroelectronics</center></h2>
  38:cube/Drivers/STM32F0xx_HAL_Driver/Src/stm32f0xx_hal_i2c_ex.c ****   *
  39:cube/Drivers/STM32F0xx_HAL_Driver/Src/stm32f0xx_hal_i2c_ex.c ****   * Redistribution and use in source and binary forms, with or without modification,
  40:cube/Drivers/STM32F0xx_HAL_Driver/Src/stm32f0xx_hal_i2c_ex.c ****   * are permitted provided that the following conditions are met:
  41:cube/Drivers/STM32F0xx_HAL_Driver/Src/stm32f0xx_hal_i2c_ex.c ****   *   1. Redistributions of source code must retain the above copyright notice,
  42:cube/Drivers/STM32F0xx_HAL_Driver/Src/stm32f0xx_hal_i2c_ex.c ****   *      this list of conditions and the following disclaimer.
  43:cube/Drivers/STM32F0xx_HAL_Driver/Src/stm32f0xx_hal_i2c_ex.c ****   *   2. Redistributions in binary form must reproduce the above copyright notice,
  44:cube/Drivers/STM32F0xx_HAL_Driver/Src/stm32f0xx_hal_i2c_ex.c ****   *      this list of conditions and the following disclaimer in the documentation
  45:cube/Drivers/STM32F0xx_HAL_Driver/Src/stm32f0xx_hal_i2c_ex.c ****   *      and/or other materials provided with the distribution.
  46:cube/Drivers/STM32F0xx_HAL_Driver/Src/stm32f0xx_hal_i2c_ex.c ****   *   3. Neither the name of STMicroelectronics nor the names of its contributors
  47:cube/Drivers/STM32F0xx_HAL_Driver/Src/stm32f0xx_hal_i2c_ex.c ****   *      may be used to endorse or promote products derived from this software
  48:cube/Drivers/STM32F0xx_HAL_Driver/Src/stm32f0xx_hal_i2c_ex.c ****   *      without specific prior written permission.
  49:cube/Drivers/STM32F0xx_HAL_Driver/Src/stm32f0xx_hal_i2c_ex.c ****   *
  50:cube/Drivers/STM32F0xx_HAL_Driver/Src/stm32f0xx_hal_i2c_ex.c ****   * THIS SOFTWARE IS PROVIDED BY THE COPYRIGHT HOLDERS AND CONTRIBUTORS "AS IS"
  51:cube/Drivers/STM32F0xx_HAL_Driver/Src/stm32f0xx_hal_i2c_ex.c ****   * AND ANY EXPRESS OR IMPLIED WARRANTIES, INCLUDING, BUT NOT LIMITED TO, THE
  52:cube/Drivers/STM32F0xx_HAL_Driver/Src/stm32f0xx_hal_i2c_ex.c ****   * IMPLIED WARRANTIES OF MERCHANTABILITY AND FITNESS FOR A PARTICULAR PURPOSE ARE
  53:cube/Drivers/STM32F0xx_HAL_Driver/Src/stm32f0xx_hal_i2c_ex.c ****   * DISCLAIMED. IN NO EVENT SHALL THE COPYRIGHT HOLDER OR CONTRIBUTORS BE LIABLE
  54:cube/Drivers/STM32F0xx_HAL_Driver/Src/stm32f0xx_hal_i2c_ex.c ****   * FOR ANY DIRECT, INDIRECT, INCIDENTAL, SPECIAL, EXEMPLARY, OR CONSEQUENTIAL
  55:cube/Drivers/STM32F0xx_HAL_Driver/Src/stm32f0xx_hal_i2c_ex.c ****   * DAMAGES (INCLUDING, BUT NOT LIMITED TO, PROCUREMENT OF SUBSTITUTE GOODS OR
  56:cube/Drivers/STM32F0xx_HAL_Driver/Src/stm32f0xx_hal_i2c_ex.c ****   * SERVICES; LOSS OF USE, DATA, OR PROFITS; OR BUSINESS INTERRUPTION) HOWEVER
  57:cube/Drivers/STM32F0xx_HAL_Driver/Src/stm32f0xx_hal_i2c_ex.c ****   * CAUSED AND ON ANY THEORY OF LIABILITY, WHETHER IN CONTRACT, STRICT LIABILITY,
  58:cube/Drivers/STM32F0xx_HAL_Driver/Src/stm32f0xx_hal_i2c_ex.c ****   * OR TORT (INCLUDING NEGLIGENCE OR OTHERWISE) ARISING IN ANY WAY OUT OF THE USE
  59:cube/Drivers/STM32F0xx_HAL_Driver/Src/stm32f0xx_hal_i2c_ex.c ****   * OF THIS SOFTWARE, EVEN IF ADVISED OF THE POSSIBILITY OF SUCH DAMAGE.
  60:cube/Drivers/STM32F0xx_HAL_Driver/Src/stm32f0xx_hal_i2c_ex.c ****   *
  61:cube/Drivers/STM32F0xx_HAL_Driver/Src/stm32f0xx_hal_i2c_ex.c ****   ******************************************************************************
  62:cube/Drivers/STM32F0xx_HAL_Driver/Src/stm32f0xx_hal_i2c_ex.c ****   */
  63:cube/Drivers/STM32F0xx_HAL_Driver/Src/stm32f0xx_hal_i2c_ex.c **** 
  64:cube/Drivers/STM32F0xx_HAL_Driver/Src/stm32f0xx_hal_i2c_ex.c **** /* Includes ------------------------------------------------------------------*/
  65:cube/Drivers/STM32F0xx_HAL_Driver/Src/stm32f0xx_hal_i2c_ex.c **** #include "stm32f0xx_hal.h"
  66:cube/Drivers/STM32F0xx_HAL_Driver/Src/stm32f0xx_hal_i2c_ex.c **** 
  67:cube/Drivers/STM32F0xx_HAL_Driver/Src/stm32f0xx_hal_i2c_ex.c **** /** @addtogroup STM32F0xx_HAL_Driver
  68:cube/Drivers/STM32F0xx_HAL_Driver/Src/stm32f0xx_hal_i2c_ex.c ****   * @{
  69:cube/Drivers/STM32F0xx_HAL_Driver/Src/stm32f0xx_hal_i2c_ex.c ****   */
  70:cube/Drivers/STM32F0xx_HAL_Driver/Src/stm32f0xx_hal_i2c_ex.c **** 
  71:cube/Drivers/STM32F0xx_HAL_Driver/Src/stm32f0xx_hal_i2c_ex.c **** /** @defgroup I2CEx I2CEx
  72:cube/Drivers/STM32F0xx_HAL_Driver/Src/stm32f0xx_hal_i2c_ex.c ****   * @brief I2C Extended HAL module driver
  73:cube/Drivers/STM32F0xx_HAL_Driver/Src/stm32f0xx_hal_i2c_ex.c ****   * @{
  74:cube/Drivers/STM32F0xx_HAL_Driver/Src/stm32f0xx_hal_i2c_ex.c ****   */
  75:cube/Drivers/STM32F0xx_HAL_Driver/Src/stm32f0xx_hal_i2c_ex.c **** 
  76:cube/Drivers/STM32F0xx_HAL_Driver/Src/stm32f0xx_hal_i2c_ex.c **** #ifdef HAL_I2C_MODULE_ENABLED
  77:cube/Drivers/STM32F0xx_HAL_Driver/Src/stm32f0xx_hal_i2c_ex.c **** 
  78:cube/Drivers/STM32F0xx_HAL_Driver/Src/stm32f0xx_hal_i2c_ex.c **** /* Private typedef -----------------------------------------------------------*/
  79:cube/Drivers/STM32F0xx_HAL_Driver/Src/stm32f0xx_hal_i2c_ex.c **** /* Private define ------------------------------------------------------------*/
  80:cube/Drivers/STM32F0xx_HAL_Driver/Src/stm32f0xx_hal_i2c_ex.c **** /* Private macro -------------------------------------------------------------*/
  81:cube/Drivers/STM32F0xx_HAL_Driver/Src/stm32f0xx_hal_i2c_ex.c **** /* Private variables ---------------------------------------------------------*/
  82:cube/Drivers/STM32F0xx_HAL_Driver/Src/stm32f0xx_hal_i2c_ex.c **** /* Private function prototypes -----------------------------------------------*/
  83:cube/Drivers/STM32F0xx_HAL_Driver/Src/stm32f0xx_hal_i2c_ex.c **** /* Private functions ---------------------------------------------------------*/
  84:cube/Drivers/STM32F0xx_HAL_Driver/Src/stm32f0xx_hal_i2c_ex.c **** 
  85:cube/Drivers/STM32F0xx_HAL_Driver/Src/stm32f0xx_hal_i2c_ex.c **** /** @defgroup I2CEx_Exported_Functions I2C Extended Exported Functions
  86:cube/Drivers/STM32F0xx_HAL_Driver/Src/stm32f0xx_hal_i2c_ex.c ****   * @{
  87:cube/Drivers/STM32F0xx_HAL_Driver/Src/stm32f0xx_hal_i2c_ex.c ****   */
  88:cube/Drivers/STM32F0xx_HAL_Driver/Src/stm32f0xx_hal_i2c_ex.c **** 
  89:cube/Drivers/STM32F0xx_HAL_Driver/Src/stm32f0xx_hal_i2c_ex.c **** /** @defgroup I2CEx_Exported_Functions_Group1 Extended features functions
  90:cube/Drivers/STM32F0xx_HAL_Driver/Src/stm32f0xx_hal_i2c_ex.c ****   * @brief    Extended features functions
ARM GAS  /tmp/ccoLTJ33.s 			page 3


  91:cube/Drivers/STM32F0xx_HAL_Driver/Src/stm32f0xx_hal_i2c_ex.c ****  *
  92:cube/Drivers/STM32F0xx_HAL_Driver/Src/stm32f0xx_hal_i2c_ex.c **** @verbatim
  93:cube/Drivers/STM32F0xx_HAL_Driver/Src/stm32f0xx_hal_i2c_ex.c ****  ===============================================================================
  94:cube/Drivers/STM32F0xx_HAL_Driver/Src/stm32f0xx_hal_i2c_ex.c ****                       ##### Extended features functions #####
  95:cube/Drivers/STM32F0xx_HAL_Driver/Src/stm32f0xx_hal_i2c_ex.c ****  ===============================================================================
  96:cube/Drivers/STM32F0xx_HAL_Driver/Src/stm32f0xx_hal_i2c_ex.c ****     [..] This section provides functions allowing to:
  97:cube/Drivers/STM32F0xx_HAL_Driver/Src/stm32f0xx_hal_i2c_ex.c ****       (+) Configure Noise Filters
  98:cube/Drivers/STM32F0xx_HAL_Driver/Src/stm32f0xx_hal_i2c_ex.c ****       (+) Configure Wake Up Feature
  99:cube/Drivers/STM32F0xx_HAL_Driver/Src/stm32f0xx_hal_i2c_ex.c **** 
 100:cube/Drivers/STM32F0xx_HAL_Driver/Src/stm32f0xx_hal_i2c_ex.c **** @endverbatim
 101:cube/Drivers/STM32F0xx_HAL_Driver/Src/stm32f0xx_hal_i2c_ex.c ****   * @{
 102:cube/Drivers/STM32F0xx_HAL_Driver/Src/stm32f0xx_hal_i2c_ex.c ****   */
 103:cube/Drivers/STM32F0xx_HAL_Driver/Src/stm32f0xx_hal_i2c_ex.c **** 
 104:cube/Drivers/STM32F0xx_HAL_Driver/Src/stm32f0xx_hal_i2c_ex.c **** /**
 105:cube/Drivers/STM32F0xx_HAL_Driver/Src/stm32f0xx_hal_i2c_ex.c ****   * @brief  Configure I2C Analog noise filter.
 106:cube/Drivers/STM32F0xx_HAL_Driver/Src/stm32f0xx_hal_i2c_ex.c ****   * @param  hi2c Pointer to a I2C_HandleTypeDef structure that contains
 107:cube/Drivers/STM32F0xx_HAL_Driver/Src/stm32f0xx_hal_i2c_ex.c ****   *                the configuration information for the specified I2Cx peripheral.
 108:cube/Drivers/STM32F0xx_HAL_Driver/Src/stm32f0xx_hal_i2c_ex.c ****   * @param  AnalogFilter New state of the Analog filter.
 109:cube/Drivers/STM32F0xx_HAL_Driver/Src/stm32f0xx_hal_i2c_ex.c ****   * @retval HAL status
 110:cube/Drivers/STM32F0xx_HAL_Driver/Src/stm32f0xx_hal_i2c_ex.c ****   */
 111:cube/Drivers/STM32F0xx_HAL_Driver/Src/stm32f0xx_hal_i2c_ex.c **** HAL_StatusTypeDef HAL_I2CEx_ConfigAnalogFilter(I2C_HandleTypeDef *hi2c, uint32_t AnalogFilter)
 112:cube/Drivers/STM32F0xx_HAL_Driver/Src/stm32f0xx_hal_i2c_ex.c **** {
  26              		.loc 1 112 0
  27              		.cfi_startproc
  28              		@ args = 0, pretend = 0, frame = 8
  29              		@ frame_needed = 1, uses_anonymous_args = 0
  30 0000 80B5     		push	{r7, lr}
  31              		.cfi_def_cfa_offset 8
  32              		.cfi_offset 7, -8
  33              		.cfi_offset 14, -4
  34 0002 82B0     		sub	sp, sp, #8
  35              		.cfi_def_cfa_offset 16
  36 0004 00AF     		add	r7, sp, #0
  37              		.cfi_def_cfa_register 7
  38 0006 7860     		str	r0, [r7, #4]
  39 0008 3960     		str	r1, [r7]
 113:cube/Drivers/STM32F0xx_HAL_Driver/Src/stm32f0xx_hal_i2c_ex.c ****   /* Check the parameters */
 114:cube/Drivers/STM32F0xx_HAL_Driver/Src/stm32f0xx_hal_i2c_ex.c ****   assert_param(IS_I2C_ALL_INSTANCE(hi2c->Instance));
 115:cube/Drivers/STM32F0xx_HAL_Driver/Src/stm32f0xx_hal_i2c_ex.c ****   assert_param(IS_I2C_ANALOG_FILTER(AnalogFilter));
 116:cube/Drivers/STM32F0xx_HAL_Driver/Src/stm32f0xx_hal_i2c_ex.c **** 
 117:cube/Drivers/STM32F0xx_HAL_Driver/Src/stm32f0xx_hal_i2c_ex.c ****   if (hi2c->State == HAL_I2C_STATE_READY)
  40              		.loc 1 117 0
  41 000a 7B68     		ldr	r3, [r7, #4]
  42 000c 4122     		movs	r2, #65
  43 000e 9B5C     		ldrb	r3, [r3, r2]
  44 0010 DBB2     		uxtb	r3, r3
  45 0012 202B     		cmp	r3, #32
  46 0014 38D1     		bne	.L2
 118:cube/Drivers/STM32F0xx_HAL_Driver/Src/stm32f0xx_hal_i2c_ex.c ****   {
 119:cube/Drivers/STM32F0xx_HAL_Driver/Src/stm32f0xx_hal_i2c_ex.c ****     /* Process Locked */
 120:cube/Drivers/STM32F0xx_HAL_Driver/Src/stm32f0xx_hal_i2c_ex.c ****     __HAL_LOCK(hi2c);
  47              		.loc 1 120 0
  48 0016 7B68     		ldr	r3, [r7, #4]
  49 0018 4022     		movs	r2, #64
  50 001a 9B5C     		ldrb	r3, [r3, r2]
  51 001c 012B     		cmp	r3, #1
  52 001e 01D1     		bne	.L3
ARM GAS  /tmp/ccoLTJ33.s 			page 4


  53              		.loc 1 120 0 is_stmt 0 discriminator 1
  54 0020 0223     		movs	r3, #2
  55 0022 32E0     		b	.L4
  56              	.L3:
  57              		.loc 1 120 0 discriminator 2
  58 0024 7B68     		ldr	r3, [r7, #4]
  59 0026 4022     		movs	r2, #64
  60 0028 0121     		movs	r1, #1
  61 002a 9954     		strb	r1, [r3, r2]
 121:cube/Drivers/STM32F0xx_HAL_Driver/Src/stm32f0xx_hal_i2c_ex.c **** 
 122:cube/Drivers/STM32F0xx_HAL_Driver/Src/stm32f0xx_hal_i2c_ex.c ****     hi2c->State = HAL_I2C_STATE_BUSY;
  62              		.loc 1 122 0 is_stmt 1 discriminator 2
  63 002c 7B68     		ldr	r3, [r7, #4]
  64 002e 4122     		movs	r2, #65
  65 0030 2421     		movs	r1, #36
  66 0032 9954     		strb	r1, [r3, r2]
 123:cube/Drivers/STM32F0xx_HAL_Driver/Src/stm32f0xx_hal_i2c_ex.c **** 
 124:cube/Drivers/STM32F0xx_HAL_Driver/Src/stm32f0xx_hal_i2c_ex.c ****     /* Disable the selected I2C peripheral */
 125:cube/Drivers/STM32F0xx_HAL_Driver/Src/stm32f0xx_hal_i2c_ex.c ****     __HAL_I2C_DISABLE(hi2c);
  67              		.loc 1 125 0 discriminator 2
  68 0034 7B68     		ldr	r3, [r7, #4]
  69 0036 1B68     		ldr	r3, [r3]
  70 0038 1A68     		ldr	r2, [r3]
  71 003a 7B68     		ldr	r3, [r7, #4]
  72 003c 1B68     		ldr	r3, [r3]
  73 003e 0121     		movs	r1, #1
  74 0040 8A43     		bics	r2, r1
  75 0042 1A60     		str	r2, [r3]
 126:cube/Drivers/STM32F0xx_HAL_Driver/Src/stm32f0xx_hal_i2c_ex.c **** 
 127:cube/Drivers/STM32F0xx_HAL_Driver/Src/stm32f0xx_hal_i2c_ex.c ****     /* Reset I2Cx ANOFF bit */
 128:cube/Drivers/STM32F0xx_HAL_Driver/Src/stm32f0xx_hal_i2c_ex.c ****     hi2c->Instance->CR1 &= ~(I2C_CR1_ANFOFF);
  76              		.loc 1 128 0 discriminator 2
  77 0044 7B68     		ldr	r3, [r7, #4]
  78 0046 1B68     		ldr	r3, [r3]
  79 0048 1A68     		ldr	r2, [r3]
  80 004a 7B68     		ldr	r3, [r7, #4]
  81 004c 1B68     		ldr	r3, [r3]
  82 004e 1149     		ldr	r1, .L5
  83 0050 0A40     		ands	r2, r1
  84 0052 1A60     		str	r2, [r3]
 129:cube/Drivers/STM32F0xx_HAL_Driver/Src/stm32f0xx_hal_i2c_ex.c **** 
 130:cube/Drivers/STM32F0xx_HAL_Driver/Src/stm32f0xx_hal_i2c_ex.c ****     /* Set analog filter bit*/
 131:cube/Drivers/STM32F0xx_HAL_Driver/Src/stm32f0xx_hal_i2c_ex.c ****     hi2c->Instance->CR1 |= AnalogFilter;
  85              		.loc 1 131 0 discriminator 2
  86 0054 7B68     		ldr	r3, [r7, #4]
  87 0056 1B68     		ldr	r3, [r3]
  88 0058 1968     		ldr	r1, [r3]
  89 005a 7B68     		ldr	r3, [r7, #4]
  90 005c 1B68     		ldr	r3, [r3]
  91 005e 3A68     		ldr	r2, [r7]
  92 0060 0A43     		orrs	r2, r1
  93 0062 1A60     		str	r2, [r3]
 132:cube/Drivers/STM32F0xx_HAL_Driver/Src/stm32f0xx_hal_i2c_ex.c **** 
 133:cube/Drivers/STM32F0xx_HAL_Driver/Src/stm32f0xx_hal_i2c_ex.c ****     __HAL_I2C_ENABLE(hi2c);
  94              		.loc 1 133 0 discriminator 2
  95 0064 7B68     		ldr	r3, [r7, #4]
  96 0066 1B68     		ldr	r3, [r3]
ARM GAS  /tmp/ccoLTJ33.s 			page 5


  97 0068 1A68     		ldr	r2, [r3]
  98 006a 7B68     		ldr	r3, [r7, #4]
  99 006c 1B68     		ldr	r3, [r3]
 100 006e 0121     		movs	r1, #1
 101 0070 0A43     		orrs	r2, r1
 102 0072 1A60     		str	r2, [r3]
 134:cube/Drivers/STM32F0xx_HAL_Driver/Src/stm32f0xx_hal_i2c_ex.c **** 
 135:cube/Drivers/STM32F0xx_HAL_Driver/Src/stm32f0xx_hal_i2c_ex.c ****     hi2c->State = HAL_I2C_STATE_READY;
 103              		.loc 1 135 0 discriminator 2
 104 0074 7B68     		ldr	r3, [r7, #4]
 105 0076 4122     		movs	r2, #65
 106 0078 2021     		movs	r1, #32
 107 007a 9954     		strb	r1, [r3, r2]
 136:cube/Drivers/STM32F0xx_HAL_Driver/Src/stm32f0xx_hal_i2c_ex.c **** 
 137:cube/Drivers/STM32F0xx_HAL_Driver/Src/stm32f0xx_hal_i2c_ex.c ****     /* Process Unlocked */
 138:cube/Drivers/STM32F0xx_HAL_Driver/Src/stm32f0xx_hal_i2c_ex.c ****     __HAL_UNLOCK(hi2c);
 108              		.loc 1 138 0 discriminator 2
 109 007c 7B68     		ldr	r3, [r7, #4]
 110 007e 4022     		movs	r2, #64
 111 0080 0021     		movs	r1, #0
 112 0082 9954     		strb	r1, [r3, r2]
 139:cube/Drivers/STM32F0xx_HAL_Driver/Src/stm32f0xx_hal_i2c_ex.c **** 
 140:cube/Drivers/STM32F0xx_HAL_Driver/Src/stm32f0xx_hal_i2c_ex.c ****     return HAL_OK;
 113              		.loc 1 140 0 discriminator 2
 114 0084 0023     		movs	r3, #0
 115 0086 00E0     		b	.L4
 116              	.L2:
 141:cube/Drivers/STM32F0xx_HAL_Driver/Src/stm32f0xx_hal_i2c_ex.c ****   }
 142:cube/Drivers/STM32F0xx_HAL_Driver/Src/stm32f0xx_hal_i2c_ex.c ****   else
 143:cube/Drivers/STM32F0xx_HAL_Driver/Src/stm32f0xx_hal_i2c_ex.c ****   {
 144:cube/Drivers/STM32F0xx_HAL_Driver/Src/stm32f0xx_hal_i2c_ex.c ****     return HAL_BUSY;
 117              		.loc 1 144 0
 118 0088 0223     		movs	r3, #2
 119              	.L4:
 145:cube/Drivers/STM32F0xx_HAL_Driver/Src/stm32f0xx_hal_i2c_ex.c ****   }
 146:cube/Drivers/STM32F0xx_HAL_Driver/Src/stm32f0xx_hal_i2c_ex.c **** }
 120              		.loc 1 146 0
 121 008a 1800     		movs	r0, r3
 122 008c BD46     		mov	sp, r7
 123 008e 02B0     		add	sp, sp, #8
 124              		@ sp needed
 125 0090 80BD     		pop	{r7, pc}
 126              	.L6:
 127 0092 C046     		.align	2
 128              	.L5:
 129 0094 FFEFFFFF 		.word	-4097
 130              		.cfi_endproc
 131              	.LFE37:
 133              		.section	.text.HAL_I2CEx_ConfigDigitalFilter,"ax",%progbits
 134              		.align	1
 135              		.global	HAL_I2CEx_ConfigDigitalFilter
 136              		.syntax unified
 137              		.code	16
 138              		.thumb_func
 139              		.fpu softvfp
 141              	HAL_I2CEx_ConfigDigitalFilter:
 142              	.LFB38:
ARM GAS  /tmp/ccoLTJ33.s 			page 6


 147:cube/Drivers/STM32F0xx_HAL_Driver/Src/stm32f0xx_hal_i2c_ex.c **** 
 148:cube/Drivers/STM32F0xx_HAL_Driver/Src/stm32f0xx_hal_i2c_ex.c **** /**
 149:cube/Drivers/STM32F0xx_HAL_Driver/Src/stm32f0xx_hal_i2c_ex.c ****   * @brief  Configure I2C Digital noise filter.
 150:cube/Drivers/STM32F0xx_HAL_Driver/Src/stm32f0xx_hal_i2c_ex.c ****   * @param  hi2c Pointer to a I2C_HandleTypeDef structure that contains
 151:cube/Drivers/STM32F0xx_HAL_Driver/Src/stm32f0xx_hal_i2c_ex.c ****   *                the configuration information for the specified I2Cx peripheral.
 152:cube/Drivers/STM32F0xx_HAL_Driver/Src/stm32f0xx_hal_i2c_ex.c ****   * @param  DigitalFilter Coefficient of digital noise filter between Min_Data=0x00 and Max_Data=0x
 153:cube/Drivers/STM32F0xx_HAL_Driver/Src/stm32f0xx_hal_i2c_ex.c ****   * @retval HAL status
 154:cube/Drivers/STM32F0xx_HAL_Driver/Src/stm32f0xx_hal_i2c_ex.c ****   */
 155:cube/Drivers/STM32F0xx_HAL_Driver/Src/stm32f0xx_hal_i2c_ex.c **** HAL_StatusTypeDef HAL_I2CEx_ConfigDigitalFilter(I2C_HandleTypeDef *hi2c, uint32_t DigitalFilter)
 156:cube/Drivers/STM32F0xx_HAL_Driver/Src/stm32f0xx_hal_i2c_ex.c **** {
 143              		.loc 1 156 0
 144              		.cfi_startproc
 145              		@ args = 0, pretend = 0, frame = 16
 146              		@ frame_needed = 1, uses_anonymous_args = 0
 147 0000 80B5     		push	{r7, lr}
 148              		.cfi_def_cfa_offset 8
 149              		.cfi_offset 7, -8
 150              		.cfi_offset 14, -4
 151 0002 84B0     		sub	sp, sp, #16
 152              		.cfi_def_cfa_offset 24
 153 0004 00AF     		add	r7, sp, #0
 154              		.cfi_def_cfa_register 7
 155 0006 7860     		str	r0, [r7, #4]
 156 0008 3960     		str	r1, [r7]
 157:cube/Drivers/STM32F0xx_HAL_Driver/Src/stm32f0xx_hal_i2c_ex.c ****   uint32_t tmpreg = 0U;
 157              		.loc 1 157 0
 158 000a 0023     		movs	r3, #0
 159 000c FB60     		str	r3, [r7, #12]
 158:cube/Drivers/STM32F0xx_HAL_Driver/Src/stm32f0xx_hal_i2c_ex.c **** 
 159:cube/Drivers/STM32F0xx_HAL_Driver/Src/stm32f0xx_hal_i2c_ex.c ****   /* Check the parameters */
 160:cube/Drivers/STM32F0xx_HAL_Driver/Src/stm32f0xx_hal_i2c_ex.c ****   assert_param(IS_I2C_ALL_INSTANCE(hi2c->Instance));
 161:cube/Drivers/STM32F0xx_HAL_Driver/Src/stm32f0xx_hal_i2c_ex.c ****   assert_param(IS_I2C_DIGITAL_FILTER(DigitalFilter));
 162:cube/Drivers/STM32F0xx_HAL_Driver/Src/stm32f0xx_hal_i2c_ex.c **** 
 163:cube/Drivers/STM32F0xx_HAL_Driver/Src/stm32f0xx_hal_i2c_ex.c ****   if (hi2c->State == HAL_I2C_STATE_READY)
 160              		.loc 1 163 0
 161 000e 7B68     		ldr	r3, [r7, #4]
 162 0010 4122     		movs	r2, #65
 163 0012 9B5C     		ldrb	r3, [r3, r2]
 164 0014 DBB2     		uxtb	r3, r3
 165 0016 202B     		cmp	r3, #32
 166 0018 39D1     		bne	.L8
 164:cube/Drivers/STM32F0xx_HAL_Driver/Src/stm32f0xx_hal_i2c_ex.c ****   {
 165:cube/Drivers/STM32F0xx_HAL_Driver/Src/stm32f0xx_hal_i2c_ex.c ****     /* Process Locked */
 166:cube/Drivers/STM32F0xx_HAL_Driver/Src/stm32f0xx_hal_i2c_ex.c ****     __HAL_LOCK(hi2c);
 167              		.loc 1 166 0
 168 001a 7B68     		ldr	r3, [r7, #4]
 169 001c 4022     		movs	r2, #64
 170 001e 9B5C     		ldrb	r3, [r3, r2]
 171 0020 012B     		cmp	r3, #1
 172 0022 01D1     		bne	.L9
 173              		.loc 1 166 0 is_stmt 0 discriminator 1
 174 0024 0223     		movs	r3, #2
 175 0026 33E0     		b	.L10
 176              	.L9:
 177              		.loc 1 166 0 discriminator 2
 178 0028 7B68     		ldr	r3, [r7, #4]
 179 002a 4022     		movs	r2, #64
ARM GAS  /tmp/ccoLTJ33.s 			page 7


 180 002c 0121     		movs	r1, #1
 181 002e 9954     		strb	r1, [r3, r2]
 167:cube/Drivers/STM32F0xx_HAL_Driver/Src/stm32f0xx_hal_i2c_ex.c **** 
 168:cube/Drivers/STM32F0xx_HAL_Driver/Src/stm32f0xx_hal_i2c_ex.c ****     hi2c->State = HAL_I2C_STATE_BUSY;
 182              		.loc 1 168 0 is_stmt 1 discriminator 2
 183 0030 7B68     		ldr	r3, [r7, #4]
 184 0032 4122     		movs	r2, #65
 185 0034 2421     		movs	r1, #36
 186 0036 9954     		strb	r1, [r3, r2]
 169:cube/Drivers/STM32F0xx_HAL_Driver/Src/stm32f0xx_hal_i2c_ex.c **** 
 170:cube/Drivers/STM32F0xx_HAL_Driver/Src/stm32f0xx_hal_i2c_ex.c ****     /* Disable the selected I2C peripheral */
 171:cube/Drivers/STM32F0xx_HAL_Driver/Src/stm32f0xx_hal_i2c_ex.c ****     __HAL_I2C_DISABLE(hi2c);
 187              		.loc 1 171 0 discriminator 2
 188 0038 7B68     		ldr	r3, [r7, #4]
 189 003a 1B68     		ldr	r3, [r3]
 190 003c 1A68     		ldr	r2, [r3]
 191 003e 7B68     		ldr	r3, [r7, #4]
 192 0040 1B68     		ldr	r3, [r3]
 193 0042 0121     		movs	r1, #1
 194 0044 8A43     		bics	r2, r1
 195 0046 1A60     		str	r2, [r3]
 172:cube/Drivers/STM32F0xx_HAL_Driver/Src/stm32f0xx_hal_i2c_ex.c **** 
 173:cube/Drivers/STM32F0xx_HAL_Driver/Src/stm32f0xx_hal_i2c_ex.c ****     /* Get the old register value */
 174:cube/Drivers/STM32F0xx_HAL_Driver/Src/stm32f0xx_hal_i2c_ex.c ****     tmpreg = hi2c->Instance->CR1;
 196              		.loc 1 174 0 discriminator 2
 197 0048 7B68     		ldr	r3, [r7, #4]
 198 004a 1B68     		ldr	r3, [r3]
 199 004c 1B68     		ldr	r3, [r3]
 200 004e FB60     		str	r3, [r7, #12]
 175:cube/Drivers/STM32F0xx_HAL_Driver/Src/stm32f0xx_hal_i2c_ex.c **** 
 176:cube/Drivers/STM32F0xx_HAL_Driver/Src/stm32f0xx_hal_i2c_ex.c ****     /* Reset I2Cx DNF bits [11:8] */
 177:cube/Drivers/STM32F0xx_HAL_Driver/Src/stm32f0xx_hal_i2c_ex.c ****     tmpreg &= ~(I2C_CR1_DNF);
 201              		.loc 1 177 0 discriminator 2
 202 0050 FB68     		ldr	r3, [r7, #12]
 203 0052 114A     		ldr	r2, .L11
 204 0054 1340     		ands	r3, r2
 205 0056 FB60     		str	r3, [r7, #12]
 178:cube/Drivers/STM32F0xx_HAL_Driver/Src/stm32f0xx_hal_i2c_ex.c **** 
 179:cube/Drivers/STM32F0xx_HAL_Driver/Src/stm32f0xx_hal_i2c_ex.c ****     /* Set I2Cx DNF coefficient */
 180:cube/Drivers/STM32F0xx_HAL_Driver/Src/stm32f0xx_hal_i2c_ex.c ****     tmpreg |= DigitalFilter << 8U;
 206              		.loc 1 180 0 discriminator 2
 207 0058 3B68     		ldr	r3, [r7]
 208 005a 1B02     		lsls	r3, r3, #8
 209 005c FA68     		ldr	r2, [r7, #12]
 210 005e 1343     		orrs	r3, r2
 211 0060 FB60     		str	r3, [r7, #12]
 181:cube/Drivers/STM32F0xx_HAL_Driver/Src/stm32f0xx_hal_i2c_ex.c **** 
 182:cube/Drivers/STM32F0xx_HAL_Driver/Src/stm32f0xx_hal_i2c_ex.c ****     /* Store the new register value */
 183:cube/Drivers/STM32F0xx_HAL_Driver/Src/stm32f0xx_hal_i2c_ex.c ****     hi2c->Instance->CR1 = tmpreg;
 212              		.loc 1 183 0 discriminator 2
 213 0062 7B68     		ldr	r3, [r7, #4]
 214 0064 1B68     		ldr	r3, [r3]
 215 0066 FA68     		ldr	r2, [r7, #12]
 216 0068 1A60     		str	r2, [r3]
 184:cube/Drivers/STM32F0xx_HAL_Driver/Src/stm32f0xx_hal_i2c_ex.c **** 
 185:cube/Drivers/STM32F0xx_HAL_Driver/Src/stm32f0xx_hal_i2c_ex.c ****     __HAL_I2C_ENABLE(hi2c);
 217              		.loc 1 185 0 discriminator 2
ARM GAS  /tmp/ccoLTJ33.s 			page 8


 218 006a 7B68     		ldr	r3, [r7, #4]
 219 006c 1B68     		ldr	r3, [r3]
 220 006e 1A68     		ldr	r2, [r3]
 221 0070 7B68     		ldr	r3, [r7, #4]
 222 0072 1B68     		ldr	r3, [r3]
 223 0074 0121     		movs	r1, #1
 224 0076 0A43     		orrs	r2, r1
 225 0078 1A60     		str	r2, [r3]
 186:cube/Drivers/STM32F0xx_HAL_Driver/Src/stm32f0xx_hal_i2c_ex.c **** 
 187:cube/Drivers/STM32F0xx_HAL_Driver/Src/stm32f0xx_hal_i2c_ex.c ****     hi2c->State = HAL_I2C_STATE_READY;
 226              		.loc 1 187 0 discriminator 2
 227 007a 7B68     		ldr	r3, [r7, #4]
 228 007c 4122     		movs	r2, #65
 229 007e 2021     		movs	r1, #32
 230 0080 9954     		strb	r1, [r3, r2]
 188:cube/Drivers/STM32F0xx_HAL_Driver/Src/stm32f0xx_hal_i2c_ex.c **** 
 189:cube/Drivers/STM32F0xx_HAL_Driver/Src/stm32f0xx_hal_i2c_ex.c ****     /* Process Unlocked */
 190:cube/Drivers/STM32F0xx_HAL_Driver/Src/stm32f0xx_hal_i2c_ex.c ****     __HAL_UNLOCK(hi2c);
 231              		.loc 1 190 0 discriminator 2
 232 0082 7B68     		ldr	r3, [r7, #4]
 233 0084 4022     		movs	r2, #64
 234 0086 0021     		movs	r1, #0
 235 0088 9954     		strb	r1, [r3, r2]
 191:cube/Drivers/STM32F0xx_HAL_Driver/Src/stm32f0xx_hal_i2c_ex.c **** 
 192:cube/Drivers/STM32F0xx_HAL_Driver/Src/stm32f0xx_hal_i2c_ex.c ****     return HAL_OK;
 236              		.loc 1 192 0 discriminator 2
 237 008a 0023     		movs	r3, #0
 238 008c 00E0     		b	.L10
 239              	.L8:
 193:cube/Drivers/STM32F0xx_HAL_Driver/Src/stm32f0xx_hal_i2c_ex.c ****   }
 194:cube/Drivers/STM32F0xx_HAL_Driver/Src/stm32f0xx_hal_i2c_ex.c ****   else
 195:cube/Drivers/STM32F0xx_HAL_Driver/Src/stm32f0xx_hal_i2c_ex.c ****   {
 196:cube/Drivers/STM32F0xx_HAL_Driver/Src/stm32f0xx_hal_i2c_ex.c ****     return HAL_BUSY;
 240              		.loc 1 196 0
 241 008e 0223     		movs	r3, #2
 242              	.L10:
 197:cube/Drivers/STM32F0xx_HAL_Driver/Src/stm32f0xx_hal_i2c_ex.c ****   }
 198:cube/Drivers/STM32F0xx_HAL_Driver/Src/stm32f0xx_hal_i2c_ex.c **** }
 243              		.loc 1 198 0
 244 0090 1800     		movs	r0, r3
 245 0092 BD46     		mov	sp, r7
 246 0094 04B0     		add	sp, sp, #16
 247              		@ sp needed
 248 0096 80BD     		pop	{r7, pc}
 249              	.L12:
 250              		.align	2
 251              	.L11:
 252 0098 FFF0FFFF 		.word	-3841
 253              		.cfi_endproc
 254              	.LFE38:
 256              		.section	.text.HAL_I2CEx_EnableWakeUp,"ax",%progbits
 257              		.align	1
 258              		.global	HAL_I2CEx_EnableWakeUp
 259              		.syntax unified
 260              		.code	16
 261              		.thumb_func
 262              		.fpu softvfp
ARM GAS  /tmp/ccoLTJ33.s 			page 9


 264              	HAL_I2CEx_EnableWakeUp:
 265              	.LFB39:
 199:cube/Drivers/STM32F0xx_HAL_Driver/Src/stm32f0xx_hal_i2c_ex.c **** #if defined(I2C_CR1_WUPEN)
 200:cube/Drivers/STM32F0xx_HAL_Driver/Src/stm32f0xx_hal_i2c_ex.c **** 
 201:cube/Drivers/STM32F0xx_HAL_Driver/Src/stm32f0xx_hal_i2c_ex.c **** /**
 202:cube/Drivers/STM32F0xx_HAL_Driver/Src/stm32f0xx_hal_i2c_ex.c ****   * @brief  Enable I2C wakeup from stop mode.
 203:cube/Drivers/STM32F0xx_HAL_Driver/Src/stm32f0xx_hal_i2c_ex.c ****   * @param  hi2c Pointer to a I2C_HandleTypeDef structure that contains
 204:cube/Drivers/STM32F0xx_HAL_Driver/Src/stm32f0xx_hal_i2c_ex.c ****   *                the configuration information for the specified I2Cx peripheral.
 205:cube/Drivers/STM32F0xx_HAL_Driver/Src/stm32f0xx_hal_i2c_ex.c ****   * @retval HAL status
 206:cube/Drivers/STM32F0xx_HAL_Driver/Src/stm32f0xx_hal_i2c_ex.c ****   */
 207:cube/Drivers/STM32F0xx_HAL_Driver/Src/stm32f0xx_hal_i2c_ex.c **** HAL_StatusTypeDef HAL_I2CEx_EnableWakeUp(I2C_HandleTypeDef *hi2c)
 208:cube/Drivers/STM32F0xx_HAL_Driver/Src/stm32f0xx_hal_i2c_ex.c **** {
 266              		.loc 1 208 0
 267              		.cfi_startproc
 268              		@ args = 0, pretend = 0, frame = 8
 269              		@ frame_needed = 1, uses_anonymous_args = 0
 270 0000 80B5     		push	{r7, lr}
 271              		.cfi_def_cfa_offset 8
 272              		.cfi_offset 7, -8
 273              		.cfi_offset 14, -4
 274 0002 82B0     		sub	sp, sp, #8
 275              		.cfi_def_cfa_offset 16
 276 0004 00AF     		add	r7, sp, #0
 277              		.cfi_def_cfa_register 7
 278 0006 7860     		str	r0, [r7, #4]
 209:cube/Drivers/STM32F0xx_HAL_Driver/Src/stm32f0xx_hal_i2c_ex.c ****   /* Check the parameters */
 210:cube/Drivers/STM32F0xx_HAL_Driver/Src/stm32f0xx_hal_i2c_ex.c ****   assert_param(IS_I2C_WAKEUP_FROMSTOP_INSTANCE(hi2c->Instance));
 211:cube/Drivers/STM32F0xx_HAL_Driver/Src/stm32f0xx_hal_i2c_ex.c **** 
 212:cube/Drivers/STM32F0xx_HAL_Driver/Src/stm32f0xx_hal_i2c_ex.c ****   if (hi2c->State == HAL_I2C_STATE_READY)
 279              		.loc 1 212 0
 280 0008 7B68     		ldr	r3, [r7, #4]
 281 000a 4122     		movs	r2, #65
 282 000c 9B5C     		ldrb	r3, [r3, r2]
 283 000e DBB2     		uxtb	r3, r3
 284 0010 202B     		cmp	r3, #32
 285 0012 31D1     		bne	.L14
 213:cube/Drivers/STM32F0xx_HAL_Driver/Src/stm32f0xx_hal_i2c_ex.c ****   {
 214:cube/Drivers/STM32F0xx_HAL_Driver/Src/stm32f0xx_hal_i2c_ex.c ****     /* Process Locked */
 215:cube/Drivers/STM32F0xx_HAL_Driver/Src/stm32f0xx_hal_i2c_ex.c ****     __HAL_LOCK(hi2c);
 286              		.loc 1 215 0
 287 0014 7B68     		ldr	r3, [r7, #4]
 288 0016 4022     		movs	r2, #64
 289 0018 9B5C     		ldrb	r3, [r3, r2]
 290 001a 012B     		cmp	r3, #1
 291 001c 01D1     		bne	.L15
 292              		.loc 1 215 0 is_stmt 0 discriminator 1
 293 001e 0223     		movs	r3, #2
 294 0020 2BE0     		b	.L16
 295              	.L15:
 296              		.loc 1 215 0 discriminator 2
 297 0022 7B68     		ldr	r3, [r7, #4]
 298 0024 4022     		movs	r2, #64
 299 0026 0121     		movs	r1, #1
 300 0028 9954     		strb	r1, [r3, r2]
 216:cube/Drivers/STM32F0xx_HAL_Driver/Src/stm32f0xx_hal_i2c_ex.c **** 
 217:cube/Drivers/STM32F0xx_HAL_Driver/Src/stm32f0xx_hal_i2c_ex.c ****     hi2c->State = HAL_I2C_STATE_BUSY;
 301              		.loc 1 217 0 is_stmt 1 discriminator 2
ARM GAS  /tmp/ccoLTJ33.s 			page 10


 302 002a 7B68     		ldr	r3, [r7, #4]
 303 002c 4122     		movs	r2, #65
 304 002e 2421     		movs	r1, #36
 305 0030 9954     		strb	r1, [r3, r2]
 218:cube/Drivers/STM32F0xx_HAL_Driver/Src/stm32f0xx_hal_i2c_ex.c **** 
 219:cube/Drivers/STM32F0xx_HAL_Driver/Src/stm32f0xx_hal_i2c_ex.c ****     /* Disable the selected I2C peripheral */
 220:cube/Drivers/STM32F0xx_HAL_Driver/Src/stm32f0xx_hal_i2c_ex.c ****     __HAL_I2C_DISABLE(hi2c);
 306              		.loc 1 220 0 discriminator 2
 307 0032 7B68     		ldr	r3, [r7, #4]
 308 0034 1B68     		ldr	r3, [r3]
 309 0036 1A68     		ldr	r2, [r3]
 310 0038 7B68     		ldr	r3, [r7, #4]
 311 003a 1B68     		ldr	r3, [r3]
 312 003c 0121     		movs	r1, #1
 313 003e 8A43     		bics	r2, r1
 314 0040 1A60     		str	r2, [r3]
 221:cube/Drivers/STM32F0xx_HAL_Driver/Src/stm32f0xx_hal_i2c_ex.c **** 
 222:cube/Drivers/STM32F0xx_HAL_Driver/Src/stm32f0xx_hal_i2c_ex.c ****     /* Enable wakeup from stop mode */
 223:cube/Drivers/STM32F0xx_HAL_Driver/Src/stm32f0xx_hal_i2c_ex.c ****     hi2c->Instance->CR1 |= I2C_CR1_WUPEN;
 315              		.loc 1 223 0 discriminator 2
 316 0042 7B68     		ldr	r3, [r7, #4]
 317 0044 1B68     		ldr	r3, [r3]
 318 0046 1A68     		ldr	r2, [r3]
 319 0048 7B68     		ldr	r3, [r7, #4]
 320 004a 1B68     		ldr	r3, [r3]
 321 004c 8021     		movs	r1, #128
 322 004e C902     		lsls	r1, r1, #11
 323 0050 0A43     		orrs	r2, r1
 324 0052 1A60     		str	r2, [r3]
 224:cube/Drivers/STM32F0xx_HAL_Driver/Src/stm32f0xx_hal_i2c_ex.c **** 
 225:cube/Drivers/STM32F0xx_HAL_Driver/Src/stm32f0xx_hal_i2c_ex.c ****     __HAL_I2C_ENABLE(hi2c);
 325              		.loc 1 225 0 discriminator 2
 326 0054 7B68     		ldr	r3, [r7, #4]
 327 0056 1B68     		ldr	r3, [r3]
 328 0058 1A68     		ldr	r2, [r3]
 329 005a 7B68     		ldr	r3, [r7, #4]
 330 005c 1B68     		ldr	r3, [r3]
 331 005e 0121     		movs	r1, #1
 332 0060 0A43     		orrs	r2, r1
 333 0062 1A60     		str	r2, [r3]
 226:cube/Drivers/STM32F0xx_HAL_Driver/Src/stm32f0xx_hal_i2c_ex.c **** 
 227:cube/Drivers/STM32F0xx_HAL_Driver/Src/stm32f0xx_hal_i2c_ex.c ****     hi2c->State = HAL_I2C_STATE_READY;
 334              		.loc 1 227 0 discriminator 2
 335 0064 7B68     		ldr	r3, [r7, #4]
 336 0066 4122     		movs	r2, #65
 337 0068 2021     		movs	r1, #32
 338 006a 9954     		strb	r1, [r3, r2]
 228:cube/Drivers/STM32F0xx_HAL_Driver/Src/stm32f0xx_hal_i2c_ex.c **** 
 229:cube/Drivers/STM32F0xx_HAL_Driver/Src/stm32f0xx_hal_i2c_ex.c ****     /* Process Unlocked */
 230:cube/Drivers/STM32F0xx_HAL_Driver/Src/stm32f0xx_hal_i2c_ex.c ****     __HAL_UNLOCK(hi2c);
 339              		.loc 1 230 0 discriminator 2
 340 006c 7B68     		ldr	r3, [r7, #4]
 341 006e 4022     		movs	r2, #64
 342 0070 0021     		movs	r1, #0
 343 0072 9954     		strb	r1, [r3, r2]
 231:cube/Drivers/STM32F0xx_HAL_Driver/Src/stm32f0xx_hal_i2c_ex.c **** 
 232:cube/Drivers/STM32F0xx_HAL_Driver/Src/stm32f0xx_hal_i2c_ex.c ****     return HAL_OK;
ARM GAS  /tmp/ccoLTJ33.s 			page 11


 344              		.loc 1 232 0 discriminator 2
 345 0074 0023     		movs	r3, #0
 346 0076 00E0     		b	.L16
 347              	.L14:
 233:cube/Drivers/STM32F0xx_HAL_Driver/Src/stm32f0xx_hal_i2c_ex.c ****   }
 234:cube/Drivers/STM32F0xx_HAL_Driver/Src/stm32f0xx_hal_i2c_ex.c ****   else
 235:cube/Drivers/STM32F0xx_HAL_Driver/Src/stm32f0xx_hal_i2c_ex.c ****   {
 236:cube/Drivers/STM32F0xx_HAL_Driver/Src/stm32f0xx_hal_i2c_ex.c ****     return HAL_BUSY;
 348              		.loc 1 236 0
 349 0078 0223     		movs	r3, #2
 350              	.L16:
 237:cube/Drivers/STM32F0xx_HAL_Driver/Src/stm32f0xx_hal_i2c_ex.c ****   }
 238:cube/Drivers/STM32F0xx_HAL_Driver/Src/stm32f0xx_hal_i2c_ex.c **** }
 351              		.loc 1 238 0
 352 007a 1800     		movs	r0, r3
 353 007c BD46     		mov	sp, r7
 354 007e 02B0     		add	sp, sp, #8
 355              		@ sp needed
 356 0080 80BD     		pop	{r7, pc}
 357              		.cfi_endproc
 358              	.LFE39:
 360              		.section	.text.HAL_I2CEx_DisableWakeUp,"ax",%progbits
 361              		.align	1
 362              		.global	HAL_I2CEx_DisableWakeUp
 363              		.syntax unified
 364              		.code	16
 365              		.thumb_func
 366              		.fpu softvfp
 368              	HAL_I2CEx_DisableWakeUp:
 369              	.LFB40:
 239:cube/Drivers/STM32F0xx_HAL_Driver/Src/stm32f0xx_hal_i2c_ex.c **** 
 240:cube/Drivers/STM32F0xx_HAL_Driver/Src/stm32f0xx_hal_i2c_ex.c **** /**
 241:cube/Drivers/STM32F0xx_HAL_Driver/Src/stm32f0xx_hal_i2c_ex.c ****   * @brief  Disable I2C wakeup from stop mode.
 242:cube/Drivers/STM32F0xx_HAL_Driver/Src/stm32f0xx_hal_i2c_ex.c ****   * @param  hi2c Pointer to a I2C_HandleTypeDef structure that contains
 243:cube/Drivers/STM32F0xx_HAL_Driver/Src/stm32f0xx_hal_i2c_ex.c ****   *                the configuration information for the specified I2Cx peripheral.
 244:cube/Drivers/STM32F0xx_HAL_Driver/Src/stm32f0xx_hal_i2c_ex.c ****   * @retval HAL status
 245:cube/Drivers/STM32F0xx_HAL_Driver/Src/stm32f0xx_hal_i2c_ex.c ****   */
 246:cube/Drivers/STM32F0xx_HAL_Driver/Src/stm32f0xx_hal_i2c_ex.c **** HAL_StatusTypeDef HAL_I2CEx_DisableWakeUp(I2C_HandleTypeDef *hi2c)
 247:cube/Drivers/STM32F0xx_HAL_Driver/Src/stm32f0xx_hal_i2c_ex.c **** {
 370              		.loc 1 247 0
 371              		.cfi_startproc
 372              		@ args = 0, pretend = 0, frame = 8
 373              		@ frame_needed = 1, uses_anonymous_args = 0
 374 0000 80B5     		push	{r7, lr}
 375              		.cfi_def_cfa_offset 8
 376              		.cfi_offset 7, -8
 377              		.cfi_offset 14, -4
 378 0002 82B0     		sub	sp, sp, #8
 379              		.cfi_def_cfa_offset 16
 380 0004 00AF     		add	r7, sp, #0
 381              		.cfi_def_cfa_register 7
 382 0006 7860     		str	r0, [r7, #4]
 248:cube/Drivers/STM32F0xx_HAL_Driver/Src/stm32f0xx_hal_i2c_ex.c ****   /* Check the parameters */
 249:cube/Drivers/STM32F0xx_HAL_Driver/Src/stm32f0xx_hal_i2c_ex.c ****   assert_param(IS_I2C_WAKEUP_FROMSTOP_INSTANCE(hi2c->Instance));
 250:cube/Drivers/STM32F0xx_HAL_Driver/Src/stm32f0xx_hal_i2c_ex.c **** 
 251:cube/Drivers/STM32F0xx_HAL_Driver/Src/stm32f0xx_hal_i2c_ex.c ****   if (hi2c->State == HAL_I2C_STATE_READY)
 383              		.loc 1 251 0
ARM GAS  /tmp/ccoLTJ33.s 			page 12


 384 0008 7B68     		ldr	r3, [r7, #4]
 385 000a 4122     		movs	r2, #65
 386 000c 9B5C     		ldrb	r3, [r3, r2]
 387 000e DBB2     		uxtb	r3, r3
 388 0010 202B     		cmp	r3, #32
 389 0012 30D1     		bne	.L18
 252:cube/Drivers/STM32F0xx_HAL_Driver/Src/stm32f0xx_hal_i2c_ex.c ****   {
 253:cube/Drivers/STM32F0xx_HAL_Driver/Src/stm32f0xx_hal_i2c_ex.c ****     /* Process Locked */
 254:cube/Drivers/STM32F0xx_HAL_Driver/Src/stm32f0xx_hal_i2c_ex.c ****     __HAL_LOCK(hi2c);
 390              		.loc 1 254 0
 391 0014 7B68     		ldr	r3, [r7, #4]
 392 0016 4022     		movs	r2, #64
 393 0018 9B5C     		ldrb	r3, [r3, r2]
 394 001a 012B     		cmp	r3, #1
 395 001c 01D1     		bne	.L19
 396              		.loc 1 254 0 is_stmt 0 discriminator 1
 397 001e 0223     		movs	r3, #2
 398 0020 2AE0     		b	.L20
 399              	.L19:
 400              		.loc 1 254 0 discriminator 2
 401 0022 7B68     		ldr	r3, [r7, #4]
 402 0024 4022     		movs	r2, #64
 403 0026 0121     		movs	r1, #1
 404 0028 9954     		strb	r1, [r3, r2]
 255:cube/Drivers/STM32F0xx_HAL_Driver/Src/stm32f0xx_hal_i2c_ex.c **** 
 256:cube/Drivers/STM32F0xx_HAL_Driver/Src/stm32f0xx_hal_i2c_ex.c ****     hi2c->State = HAL_I2C_STATE_BUSY;
 405              		.loc 1 256 0 is_stmt 1 discriminator 2
 406 002a 7B68     		ldr	r3, [r7, #4]
 407 002c 4122     		movs	r2, #65
 408 002e 2421     		movs	r1, #36
 409 0030 9954     		strb	r1, [r3, r2]
 257:cube/Drivers/STM32F0xx_HAL_Driver/Src/stm32f0xx_hal_i2c_ex.c **** 
 258:cube/Drivers/STM32F0xx_HAL_Driver/Src/stm32f0xx_hal_i2c_ex.c ****     /* Disable the selected I2C peripheral */
 259:cube/Drivers/STM32F0xx_HAL_Driver/Src/stm32f0xx_hal_i2c_ex.c ****     __HAL_I2C_DISABLE(hi2c);
 410              		.loc 1 259 0 discriminator 2
 411 0032 7B68     		ldr	r3, [r7, #4]
 412 0034 1B68     		ldr	r3, [r3]
 413 0036 1A68     		ldr	r2, [r3]
 414 0038 7B68     		ldr	r3, [r7, #4]
 415 003a 1B68     		ldr	r3, [r3]
 416 003c 0121     		movs	r1, #1
 417 003e 8A43     		bics	r2, r1
 418 0040 1A60     		str	r2, [r3]
 260:cube/Drivers/STM32F0xx_HAL_Driver/Src/stm32f0xx_hal_i2c_ex.c **** 
 261:cube/Drivers/STM32F0xx_HAL_Driver/Src/stm32f0xx_hal_i2c_ex.c ****     /* Enable wakeup from stop mode */
 262:cube/Drivers/STM32F0xx_HAL_Driver/Src/stm32f0xx_hal_i2c_ex.c ****     hi2c->Instance->CR1 &= ~(I2C_CR1_WUPEN);
 419              		.loc 1 262 0 discriminator 2
 420 0042 7B68     		ldr	r3, [r7, #4]
 421 0044 1B68     		ldr	r3, [r3]
 422 0046 1A68     		ldr	r2, [r3]
 423 0048 7B68     		ldr	r3, [r7, #4]
 424 004a 1B68     		ldr	r3, [r3]
 425 004c 0C49     		ldr	r1, .L21
 426 004e 0A40     		ands	r2, r1
 427 0050 1A60     		str	r2, [r3]
 263:cube/Drivers/STM32F0xx_HAL_Driver/Src/stm32f0xx_hal_i2c_ex.c **** 
 264:cube/Drivers/STM32F0xx_HAL_Driver/Src/stm32f0xx_hal_i2c_ex.c ****     __HAL_I2C_ENABLE(hi2c);
ARM GAS  /tmp/ccoLTJ33.s 			page 13


 428              		.loc 1 264 0 discriminator 2
 429 0052 7B68     		ldr	r3, [r7, #4]
 430 0054 1B68     		ldr	r3, [r3]
 431 0056 1A68     		ldr	r2, [r3]
 432 0058 7B68     		ldr	r3, [r7, #4]
 433 005a 1B68     		ldr	r3, [r3]
 434 005c 0121     		movs	r1, #1
 435 005e 0A43     		orrs	r2, r1
 436 0060 1A60     		str	r2, [r3]
 265:cube/Drivers/STM32F0xx_HAL_Driver/Src/stm32f0xx_hal_i2c_ex.c **** 
 266:cube/Drivers/STM32F0xx_HAL_Driver/Src/stm32f0xx_hal_i2c_ex.c ****     hi2c->State = HAL_I2C_STATE_READY;
 437              		.loc 1 266 0 discriminator 2
 438 0062 7B68     		ldr	r3, [r7, #4]
 439 0064 4122     		movs	r2, #65
 440 0066 2021     		movs	r1, #32
 441 0068 9954     		strb	r1, [r3, r2]
 267:cube/Drivers/STM32F0xx_HAL_Driver/Src/stm32f0xx_hal_i2c_ex.c **** 
 268:cube/Drivers/STM32F0xx_HAL_Driver/Src/stm32f0xx_hal_i2c_ex.c ****     /* Process Unlocked */
 269:cube/Drivers/STM32F0xx_HAL_Driver/Src/stm32f0xx_hal_i2c_ex.c ****     __HAL_UNLOCK(hi2c);
 442              		.loc 1 269 0 discriminator 2
 443 006a 7B68     		ldr	r3, [r7, #4]
 444 006c 4022     		movs	r2, #64
 445 006e 0021     		movs	r1, #0
 446 0070 9954     		strb	r1, [r3, r2]
 270:cube/Drivers/STM32F0xx_HAL_Driver/Src/stm32f0xx_hal_i2c_ex.c **** 
 271:cube/Drivers/STM32F0xx_HAL_Driver/Src/stm32f0xx_hal_i2c_ex.c ****     return HAL_OK;
 447              		.loc 1 271 0 discriminator 2
 448 0072 0023     		movs	r3, #0
 449 0074 00E0     		b	.L20
 450              	.L18:
 272:cube/Drivers/STM32F0xx_HAL_Driver/Src/stm32f0xx_hal_i2c_ex.c ****   }
 273:cube/Drivers/STM32F0xx_HAL_Driver/Src/stm32f0xx_hal_i2c_ex.c ****   else
 274:cube/Drivers/STM32F0xx_HAL_Driver/Src/stm32f0xx_hal_i2c_ex.c ****   {
 275:cube/Drivers/STM32F0xx_HAL_Driver/Src/stm32f0xx_hal_i2c_ex.c ****     return HAL_BUSY;
 451              		.loc 1 275 0
 452 0076 0223     		movs	r3, #2
 453              	.L20:
 276:cube/Drivers/STM32F0xx_HAL_Driver/Src/stm32f0xx_hal_i2c_ex.c ****   }
 277:cube/Drivers/STM32F0xx_HAL_Driver/Src/stm32f0xx_hal_i2c_ex.c **** }
 454              		.loc 1 277 0
 455 0078 1800     		movs	r0, r3
 456 007a BD46     		mov	sp, r7
 457 007c 02B0     		add	sp, sp, #8
 458              		@ sp needed
 459 007e 80BD     		pop	{r7, pc}
 460              	.L22:
 461              		.align	2
 462              	.L21:
 463 0080 FFFFFBFF 		.word	-262145
 464              		.cfi_endproc
 465              	.LFE40:
 467              		.section	.text.HAL_I2CEx_EnableFastModePlus,"ax",%progbits
 468              		.align	1
 469              		.global	HAL_I2CEx_EnableFastModePlus
 470              		.syntax unified
 471              		.code	16
 472              		.thumb_func
ARM GAS  /tmp/ccoLTJ33.s 			page 14


 473              		.fpu softvfp
 475              	HAL_I2CEx_EnableFastModePlus:
 476              	.LFB41:
 278:cube/Drivers/STM32F0xx_HAL_Driver/Src/stm32f0xx_hal_i2c_ex.c **** #endif
 279:cube/Drivers/STM32F0xx_HAL_Driver/Src/stm32f0xx_hal_i2c_ex.c **** 
 280:cube/Drivers/STM32F0xx_HAL_Driver/Src/stm32f0xx_hal_i2c_ex.c **** /**
 281:cube/Drivers/STM32F0xx_HAL_Driver/Src/stm32f0xx_hal_i2c_ex.c ****   * @brief Enable the I2C fast mode plus driving capability.
 282:cube/Drivers/STM32F0xx_HAL_Driver/Src/stm32f0xx_hal_i2c_ex.c ****   * @param ConfigFastModePlus Selects the pin.
 283:cube/Drivers/STM32F0xx_HAL_Driver/Src/stm32f0xx_hal_i2c_ex.c ****   *   This parameter can be one of the @ref I2CEx_FastModePlus values
 284:cube/Drivers/STM32F0xx_HAL_Driver/Src/stm32f0xx_hal_i2c_ex.c ****   * @note  For I2C1, fast mode plus driving capability can be enabled on all selected
 285:cube/Drivers/STM32F0xx_HAL_Driver/Src/stm32f0xx_hal_i2c_ex.c ****   *        I2C1 pins using I2C_FASTMODEPLUS_I2C1 parameter or independently
 286:cube/Drivers/STM32F0xx_HAL_Driver/Src/stm32f0xx_hal_i2c_ex.c ****   *        on each one of the following pins PB6, PB7, PB8 and PB9.
 287:cube/Drivers/STM32F0xx_HAL_Driver/Src/stm32f0xx_hal_i2c_ex.c ****   * @note  For remaining I2C1 pins (PA14, PA15...) fast mode plus driving capability
 288:cube/Drivers/STM32F0xx_HAL_Driver/Src/stm32f0xx_hal_i2c_ex.c ****   *        can be enabled only by using I2C_FASTMODEPLUS_I2C1 parameter.
 289:cube/Drivers/STM32F0xx_HAL_Driver/Src/stm32f0xx_hal_i2c_ex.c ****   * @note  For all I2C2 pins fast mode plus driving capability can be enabled
 290:cube/Drivers/STM32F0xx_HAL_Driver/Src/stm32f0xx_hal_i2c_ex.c ****   *        only by using I2C_FASTMODEPLUS_I2C2 parameter.
 291:cube/Drivers/STM32F0xx_HAL_Driver/Src/stm32f0xx_hal_i2c_ex.c ****   * @retval None
 292:cube/Drivers/STM32F0xx_HAL_Driver/Src/stm32f0xx_hal_i2c_ex.c ****   */
 293:cube/Drivers/STM32F0xx_HAL_Driver/Src/stm32f0xx_hal_i2c_ex.c **** void HAL_I2CEx_EnableFastModePlus(uint32_t ConfigFastModePlus)
 294:cube/Drivers/STM32F0xx_HAL_Driver/Src/stm32f0xx_hal_i2c_ex.c **** {
 477              		.loc 1 294 0
 478              		.cfi_startproc
 479              		@ args = 0, pretend = 0, frame = 16
 480              		@ frame_needed = 1, uses_anonymous_args = 0
 481 0000 80B5     		push	{r7, lr}
 482              		.cfi_def_cfa_offset 8
 483              		.cfi_offset 7, -8
 484              		.cfi_offset 14, -4
 485 0002 84B0     		sub	sp, sp, #16
 486              		.cfi_def_cfa_offset 24
 487 0004 00AF     		add	r7, sp, #0
 488              		.cfi_def_cfa_register 7
 489 0006 7860     		str	r0, [r7, #4]
 490              	.LBB2:
 295:cube/Drivers/STM32F0xx_HAL_Driver/Src/stm32f0xx_hal_i2c_ex.c ****   /* Check the parameter */
 296:cube/Drivers/STM32F0xx_HAL_Driver/Src/stm32f0xx_hal_i2c_ex.c ****   assert_param(IS_I2C_FASTMODEPLUS(ConfigFastModePlus));
 297:cube/Drivers/STM32F0xx_HAL_Driver/Src/stm32f0xx_hal_i2c_ex.c **** 
 298:cube/Drivers/STM32F0xx_HAL_Driver/Src/stm32f0xx_hal_i2c_ex.c ****   /* Enable SYSCFG clock */
 299:cube/Drivers/STM32F0xx_HAL_Driver/Src/stm32f0xx_hal_i2c_ex.c ****   __HAL_RCC_SYSCFG_CLK_ENABLE();
 491              		.loc 1 299 0
 492 0008 0A4B     		ldr	r3, .L24
 493 000a 9A69     		ldr	r2, [r3, #24]
 494 000c 094B     		ldr	r3, .L24
 495 000e 0121     		movs	r1, #1
 496 0010 0A43     		orrs	r2, r1
 497 0012 9A61     		str	r2, [r3, #24]
 498 0014 074B     		ldr	r3, .L24
 499 0016 9B69     		ldr	r3, [r3, #24]
 500 0018 0122     		movs	r2, #1
 501 001a 1340     		ands	r3, r2
 502 001c FB60     		str	r3, [r7, #12]
 503 001e FB68     		ldr	r3, [r7, #12]
 504              	.LBE2:
 300:cube/Drivers/STM32F0xx_HAL_Driver/Src/stm32f0xx_hal_i2c_ex.c **** 
 301:cube/Drivers/STM32F0xx_HAL_Driver/Src/stm32f0xx_hal_i2c_ex.c ****   /* Enable fast mode plus driving capability for selected pin */
 302:cube/Drivers/STM32F0xx_HAL_Driver/Src/stm32f0xx_hal_i2c_ex.c ****   SET_BIT(SYSCFG->CFGR1, (uint32_t)ConfigFastModePlus);
 505              		.loc 1 302 0
ARM GAS  /tmp/ccoLTJ33.s 			page 15


 506 0020 054B     		ldr	r3, .L24+4
 507 0022 1968     		ldr	r1, [r3]
 508 0024 044B     		ldr	r3, .L24+4
 509 0026 7A68     		ldr	r2, [r7, #4]
 510 0028 0A43     		orrs	r2, r1
 511 002a 1A60     		str	r2, [r3]
 303:cube/Drivers/STM32F0xx_HAL_Driver/Src/stm32f0xx_hal_i2c_ex.c **** }
 512              		.loc 1 303 0
 513 002c C046     		nop
 514 002e BD46     		mov	sp, r7
 515 0030 04B0     		add	sp, sp, #16
 516              		@ sp needed
 517 0032 80BD     		pop	{r7, pc}
 518              	.L25:
 519              		.align	2
 520              	.L24:
 521 0034 00100240 		.word	1073876992
 522 0038 00000140 		.word	1073807360
 523              		.cfi_endproc
 524              	.LFE41:
 526              		.section	.text.HAL_I2CEx_DisableFastModePlus,"ax",%progbits
 527              		.align	1
 528              		.global	HAL_I2CEx_DisableFastModePlus
 529              		.syntax unified
 530              		.code	16
 531              		.thumb_func
 532              		.fpu softvfp
 534              	HAL_I2CEx_DisableFastModePlus:
 535              	.LFB42:
 304:cube/Drivers/STM32F0xx_HAL_Driver/Src/stm32f0xx_hal_i2c_ex.c **** 
 305:cube/Drivers/STM32F0xx_HAL_Driver/Src/stm32f0xx_hal_i2c_ex.c **** /**
 306:cube/Drivers/STM32F0xx_HAL_Driver/Src/stm32f0xx_hal_i2c_ex.c ****   * @brief Disable the I2C fast mode plus driving capability.
 307:cube/Drivers/STM32F0xx_HAL_Driver/Src/stm32f0xx_hal_i2c_ex.c ****   * @param ConfigFastModePlus Selects the pin.
 308:cube/Drivers/STM32F0xx_HAL_Driver/Src/stm32f0xx_hal_i2c_ex.c ****   *   This parameter can be one of the @ref I2CEx_FastModePlus values
 309:cube/Drivers/STM32F0xx_HAL_Driver/Src/stm32f0xx_hal_i2c_ex.c ****   * @note  For I2C1, fast mode plus driving capability can be disabled on all selected
 310:cube/Drivers/STM32F0xx_HAL_Driver/Src/stm32f0xx_hal_i2c_ex.c ****   *        I2C1 pins using I2C_FASTMODEPLUS_I2C1 parameter or independently
 311:cube/Drivers/STM32F0xx_HAL_Driver/Src/stm32f0xx_hal_i2c_ex.c ****   *        on each one of the following pins PB6, PB7, PB8 and PB9.
 312:cube/Drivers/STM32F0xx_HAL_Driver/Src/stm32f0xx_hal_i2c_ex.c ****   * @note  For remaining I2C1 pins (PA14, PA15...) fast mode plus driving capability
 313:cube/Drivers/STM32F0xx_HAL_Driver/Src/stm32f0xx_hal_i2c_ex.c ****   *        can be disabled only by using I2C_FASTMODEPLUS_I2C1 parameter.
 314:cube/Drivers/STM32F0xx_HAL_Driver/Src/stm32f0xx_hal_i2c_ex.c ****   * @note  For all I2C2 pins fast mode plus driving capability can be disabled
 315:cube/Drivers/STM32F0xx_HAL_Driver/Src/stm32f0xx_hal_i2c_ex.c ****   *        only by using I2C_FASTMODEPLUS_I2C2 parameter.
 316:cube/Drivers/STM32F0xx_HAL_Driver/Src/stm32f0xx_hal_i2c_ex.c ****   * @retval None
 317:cube/Drivers/STM32F0xx_HAL_Driver/Src/stm32f0xx_hal_i2c_ex.c ****   */
 318:cube/Drivers/STM32F0xx_HAL_Driver/Src/stm32f0xx_hal_i2c_ex.c **** void HAL_I2CEx_DisableFastModePlus(uint32_t ConfigFastModePlus)
 319:cube/Drivers/STM32F0xx_HAL_Driver/Src/stm32f0xx_hal_i2c_ex.c **** {
 536              		.loc 1 319 0
 537              		.cfi_startproc
 538              		@ args = 0, pretend = 0, frame = 16
 539              		@ frame_needed = 1, uses_anonymous_args = 0
 540 0000 80B5     		push	{r7, lr}
 541              		.cfi_def_cfa_offset 8
 542              		.cfi_offset 7, -8
 543              		.cfi_offset 14, -4
 544 0002 84B0     		sub	sp, sp, #16
 545              		.cfi_def_cfa_offset 24
 546 0004 00AF     		add	r7, sp, #0
 547              		.cfi_def_cfa_register 7
ARM GAS  /tmp/ccoLTJ33.s 			page 16


 548 0006 7860     		str	r0, [r7, #4]
 549              	.LBB3:
 320:cube/Drivers/STM32F0xx_HAL_Driver/Src/stm32f0xx_hal_i2c_ex.c ****   /* Check the parameter */
 321:cube/Drivers/STM32F0xx_HAL_Driver/Src/stm32f0xx_hal_i2c_ex.c ****   assert_param(IS_I2C_FASTMODEPLUS(ConfigFastModePlus));
 322:cube/Drivers/STM32F0xx_HAL_Driver/Src/stm32f0xx_hal_i2c_ex.c **** 
 323:cube/Drivers/STM32F0xx_HAL_Driver/Src/stm32f0xx_hal_i2c_ex.c ****   /* Enable SYSCFG clock */
 324:cube/Drivers/STM32F0xx_HAL_Driver/Src/stm32f0xx_hal_i2c_ex.c ****   __HAL_RCC_SYSCFG_CLK_ENABLE();
 550              		.loc 1 324 0
 551 0008 0B4B     		ldr	r3, .L27
 552 000a 9A69     		ldr	r2, [r3, #24]
 553 000c 0A4B     		ldr	r3, .L27
 554 000e 0121     		movs	r1, #1
 555 0010 0A43     		orrs	r2, r1
 556 0012 9A61     		str	r2, [r3, #24]
 557 0014 084B     		ldr	r3, .L27
 558 0016 9B69     		ldr	r3, [r3, #24]
 559 0018 0122     		movs	r2, #1
 560 001a 1340     		ands	r3, r2
 561 001c FB60     		str	r3, [r7, #12]
 562 001e FB68     		ldr	r3, [r7, #12]
 563              	.LBE3:
 325:cube/Drivers/STM32F0xx_HAL_Driver/Src/stm32f0xx_hal_i2c_ex.c **** 
 326:cube/Drivers/STM32F0xx_HAL_Driver/Src/stm32f0xx_hal_i2c_ex.c ****   /* Disable fast mode plus driving capability for selected pin */
 327:cube/Drivers/STM32F0xx_HAL_Driver/Src/stm32f0xx_hal_i2c_ex.c ****   CLEAR_BIT(SYSCFG->CFGR1, (uint32_t)ConfigFastModePlus);
 564              		.loc 1 327 0
 565 0020 064B     		ldr	r3, .L27+4
 566 0022 1A68     		ldr	r2, [r3]
 567 0024 7B68     		ldr	r3, [r7, #4]
 568 0026 D943     		mvns	r1, r3
 569 0028 044B     		ldr	r3, .L27+4
 570 002a 0A40     		ands	r2, r1
 571 002c 1A60     		str	r2, [r3]
 328:cube/Drivers/STM32F0xx_HAL_Driver/Src/stm32f0xx_hal_i2c_ex.c **** }
 572              		.loc 1 328 0
 573 002e C046     		nop
 574 0030 BD46     		mov	sp, r7
 575 0032 04B0     		add	sp, sp, #16
 576              		@ sp needed
 577 0034 80BD     		pop	{r7, pc}
 578              	.L28:
 579 0036 C046     		.align	2
 580              	.L27:
 581 0038 00100240 		.word	1073876992
 582 003c 00000140 		.word	1073807360
 583              		.cfi_endproc
 584              	.LFE42:
 586              		.text
 587              	.Letext0:
 588              		.file 2 "/home/lhaug/Applications/gcc-arm-none-eabi-7-2018-q2-update/arm-none-eabi/include/machine
 589              		.file 3 "/home/lhaug/Applications/gcc-arm-none-eabi-7-2018-q2-update/arm-none-eabi/include/sys/_st
 590              		.file 4 "cube/Drivers/CMSIS/Device/ST/STM32F0xx/Include/system_stm32f0xx.h"
 591              		.file 5 "cube/Drivers/CMSIS/Device/ST/STM32F0xx/Include/stm32f072xb.h"
 592              		.file 6 "/home/lhaug/Applications/gcc-arm-none-eabi-7-2018-q2-update/arm-none-eabi/include/sys/loc
 593              		.file 7 "/home/lhaug/Applications/gcc-arm-none-eabi-7-2018-q2-update/arm-none-eabi/include/sys/_ty
 594              		.file 8 "/home/lhaug/Applications/gcc-arm-none-eabi-7-2018-q2-update/lib/gcc/arm-none-eabi/7.3.1/i
 595              		.file 9 "/home/lhaug/Applications/gcc-arm-none-eabi-7-2018-q2-update/arm-none-eabi/include/sys/ree
 596              		.file 10 "cube/Drivers/STM32F0xx_HAL_Driver/Inc/stm32f0xx_hal_def.h"
ARM GAS  /tmp/ccoLTJ33.s 			page 17


 597              		.file 11 "cube/Drivers/STM32F0xx_HAL_Driver/Inc/stm32f0xx_hal_dma.h"
 598              		.file 12 "cube/Drivers/STM32F0xx_HAL_Driver/Inc/stm32f0xx_hal_i2c.h"
ARM GAS  /tmp/ccoLTJ33.s 			page 18


DEFINED SYMBOLS
                            *ABS*:0000000000000000 stm32f0xx_hal_i2c_ex.c
     /tmp/ccoLTJ33.s:16     .text.HAL_I2CEx_ConfigAnalogFilter:0000000000000000 $t
     /tmp/ccoLTJ33.s:23     .text.HAL_I2CEx_ConfigAnalogFilter:0000000000000000 HAL_I2CEx_ConfigAnalogFilter
     /tmp/ccoLTJ33.s:129    .text.HAL_I2CEx_ConfigAnalogFilter:0000000000000094 $d
     /tmp/ccoLTJ33.s:134    .text.HAL_I2CEx_ConfigDigitalFilter:0000000000000000 $t
     /tmp/ccoLTJ33.s:141    .text.HAL_I2CEx_ConfigDigitalFilter:0000000000000000 HAL_I2CEx_ConfigDigitalFilter
     /tmp/ccoLTJ33.s:252    .text.HAL_I2CEx_ConfigDigitalFilter:0000000000000098 $d
     /tmp/ccoLTJ33.s:257    .text.HAL_I2CEx_EnableWakeUp:0000000000000000 $t
     /tmp/ccoLTJ33.s:264    .text.HAL_I2CEx_EnableWakeUp:0000000000000000 HAL_I2CEx_EnableWakeUp
     /tmp/ccoLTJ33.s:361    .text.HAL_I2CEx_DisableWakeUp:0000000000000000 $t
     /tmp/ccoLTJ33.s:368    .text.HAL_I2CEx_DisableWakeUp:0000000000000000 HAL_I2CEx_DisableWakeUp
     /tmp/ccoLTJ33.s:463    .text.HAL_I2CEx_DisableWakeUp:0000000000000080 $d
     /tmp/ccoLTJ33.s:468    .text.HAL_I2CEx_EnableFastModePlus:0000000000000000 $t
     /tmp/ccoLTJ33.s:475    .text.HAL_I2CEx_EnableFastModePlus:0000000000000000 HAL_I2CEx_EnableFastModePlus
     /tmp/ccoLTJ33.s:521    .text.HAL_I2CEx_EnableFastModePlus:0000000000000034 $d
     /tmp/ccoLTJ33.s:527    .text.HAL_I2CEx_DisableFastModePlus:0000000000000000 $t
     /tmp/ccoLTJ33.s:534    .text.HAL_I2CEx_DisableFastModePlus:0000000000000000 HAL_I2CEx_DisableFastModePlus
     /tmp/ccoLTJ33.s:581    .text.HAL_I2CEx_DisableFastModePlus:0000000000000038 $d
                           .group:0000000000000000 wm4.0.b7c3d577b02d87ac381ee43eef398462
                           .group:0000000000000000 wm4.main.h.42.3939338cba6ab0a8b761d08be8206d51
                           .group:0000000000000000 wm4.stm32f0xx_hal_conf.h.51.b0c07d2233f75e3b04f03d95093d88ca
                           .group:0000000000000000 wm4.stm32f0xx.h.55.6dda558900ae83b4ddf41af91bcbf2f5
                           .group:0000000000000000 wm4.stm32f072xb.h.53.c99f4c72149ed98740992cfc418a4d39
                           .group:0000000000000000 wm4._newlib_version.h.4.875b979a44719054cd750d0952ad3fd6
                           .group:0000000000000000 wm4.features.h.33.d0b7f3cd6ee95f610104014bb3ed522a
                           .group:0000000000000000 wm4._default_types.h.15.247e5cd201eca3442cbf5404108c4935
                           .group:0000000000000000 wm4._intsup.h.10.cce27fed8484c08a33f522034c30d2b5
                           .group:0000000000000000 wm4._stdint.h.10.c24fa3af3bc1706662bb5593a907e841
                           .group:0000000000000000 wm4.stdint.h.23.d53047a68f4a85177f80b422d52785ed
                           .group:0000000000000000 wm4.core_cm0.h.74.a7f5ed9ff199b3163f5ed99892efe60d
                           .group:0000000000000000 wm4.cmsis_gcc.h.36.5bb14fd68ce7855540fcfe2d9305ae16
                           .group:0000000000000000 wm4.core_cm0.h.175.2353140684a11cc8267b4125ac92735e
                           .group:0000000000000000 wm4.stm32f072xb.h.653.664388dc5ef2a697008be7ff13986fc5
                           .group:0000000000000000 wm4.stm32f0xx.h.186.8a2f1abf0fccd74c76b01fef06350694
                           .group:0000000000000000 wm4.newlib.h.8.f6e543eac3f2f65163ba2ffe3b04987b
                           .group:0000000000000000 wm4.ieeefp.h.77.220d9cccac42cd58761758bee2df4ce6
                           .group:0000000000000000 wm4.config.h.220.6cac6a9685cfce5e83c17784171638d9
                           .group:0000000000000000 wm4._ansi.h.31.de524f58584151836e90d8620a16f8e8
                           .group:0000000000000000 wm4.stdio.h.31.7c0e28c411445f3f9c5b11accf882760
                           .group:0000000000000000 wm4.stddef.h.187.2ff233552538c6ff9b8575ca8ea52cb3
                           .group:0000000000000000 wm4.cdefs.h.47.0bcdf94cb40e176393dd1404056825b4
                           .group:0000000000000000 wm4.stddef.h.39.ec95e8feac892e292b69dc7ae75b0d64
                           .group:0000000000000000 wm4.stdarg.h.34.3a23a216c0c293b3d2ea2e89281481e6
                           .group:0000000000000000 wm4.lock.h.2.1461d1fff82dffe8bfddc23307f6484f
                           .group:0000000000000000 wm4._types.h.125.5cf8a495f1f7ef36777ad868a1e32068
                           .group:0000000000000000 wm4.stddef.h.161.5349cb105733e8777bfb0cf53c4e3f34
                           .group:0000000000000000 wm4._types.h.184.03611d4f6b5bec9997bcf4279eceba07
                           .group:0000000000000000 wm4.reent.h.17.90c2574d4acdcfce933db5cb09ff35fe
                           .group:0000000000000000 wm4.types.h.40.e8c16e7ec36ba55f133d0616070e25fc
                           .group:0000000000000000 wm4.types.h.114.fb65732f4f5f288a036a25898de2c91f
                           .group:0000000000000000 wm4.stdio.h.2.4aa87247282eca6c8f36f9de33d8df1a
                           .group:0000000000000000 wm4.stdio.h.81.2a55589bfa3ee24eeb84e3c79458e4a9
                           .group:0000000000000000 wm4.stm32f0xx_hal_def.h.76.81362c22f1bfa407bb20bdc5ef2fe817
                           .group:0000000000000000 wm4.stm32f0xx_hal_rcc.h.64.1680b96367ed05251327e73e2ef7e0a0
                           .group:0000000000000000 wm4.stm32f0xx_hal_rcc_ex.h.38.fed157297eb0e49fa475a8f4d962b1a1
                           .group:0000000000000000 wm4.stm32f0xx_hal_gpio.h.38.5de46a121e30d1d136216266f57becb9
ARM GAS  /tmp/ccoLTJ33.s 			page 19


                           .group:0000000000000000 wm4.stm32f0xx_hal_gpio_ex.h.38.4ae096506dfd35e4cd1e2bfdbf19c71f
                           .group:0000000000000000 wm4.stm32f0xx_hal_dma.h.38.9bc992aa465d2468bc055502b51063f3
                           .group:0000000000000000 wm4.stm32f0xx_hal_dma_ex.h.38.c2269542e0bcc97944af39289a0a60b8
                           .group:0000000000000000 wm4.stm32f0xx_hal_dma.h.500.3b36a5be41f3e2ac138f4041ccf5cecb
                           .group:0000000000000000 wm4.stm32f0xx_hal_cortex.h.38.61b1088b7495d338bc65ee2571a0bb95
                           .group:0000000000000000 wm4.stm32f0xx_hal_adc.h.38.e3e4bca0d8b91dc0f73ca672bc0e5aca
                           .group:0000000000000000 wm4.stm32f0xx_hal_adc_ex.h.38.79c684f1976d63630feab98f4d82be4a
                           .group:0000000000000000 wm4.stm32f0xx_hal_flash.h.38.752a2d52b6ea91b900355f4ecd0538c0
                           .group:0000000000000000 wm4.stm32f0xx_hal_flash_ex.h.38.8097982a0077322c9b7a892e64a756d8
                           .group:0000000000000000 wm4.stm32f0xx_hal_i2c.h.38.387f38a4bc9cbea958e7081da9f60815
                           .group:0000000000000000 wm4.stm32f0xx_hal_i2c_ex.h.38.9a4523b2ddbaaa2727287ccab47d88d1
                           .group:0000000000000000 wm4.stm32f0xx_hal_i2c.h.625.1e7eff54876bba211f769007bbafd5f1
                           .group:0000000000000000 wm4.stm32f0xx_hal_pwr.h.38.2c4d8c2e90fc76cec57b78b078d485d1
                           .group:0000000000000000 wm4.stm32f0xx_hal_pwr_ex.h.38.e18331c4036598a45f5d1fd3922b2997
                           .group:0000000000000000 wm4.stm32f0xx_hal_tim.h.38.42f3ee0b54a54fc44c665553058edb38
                           .group:0000000000000000 wm4.stm32f0xx_hal_tim_ex.h.38.12cd16a4e412877272e70689edb6b518
                           .group:0000000000000000 wm4.stm32f0xx_hal_uart.h.38.e5eada3cdf37ca88de33bd21ddd21a5e
                           .group:0000000000000000 wm4.stm32f0xx_hal_uart_ex.h.38.9430c2ca5ec832677dbe7308c46115fd
                           .group:0000000000000000 wm4.stm32f0xx_hal.h.70.818459bc3b31dd9e51543930b5b3b8df

NO UNDEFINED SYMBOLS
