ARM GAS  /tmp/ccR2sYnf.s 			page 1


   1              		.cpu cortex-m0
   2              		.eabi_attribute 20, 1
   3              		.eabi_attribute 21, 1
   4              		.eabi_attribute 23, 3
   5              		.eabi_attribute 24, 1
   6              		.eabi_attribute 25, 1
   7              		.eabi_attribute 26, 1
   8              		.eabi_attribute 30, 1
   9              		.eabi_attribute 34, 0
  10              		.eabi_attribute 18, 4
  11              		.file	"stm32f0xx_it.c"
  12              		.text
  13              	.Ltext0:
  14              		.cfi_sections	.debug_frame
  15              		.section	.text.NMI_Handler,"ax",%progbits
  16              		.align	1
  17              		.global	NMI_Handler
  18              		.syntax unified
  19              		.code	16
  20              		.thumb_func
  21              		.fpu softvfp
  23              	NMI_Handler:
  24              	.LFB37:
  25              		.file 1 "cube/Src/stm32f0xx_it.c"
   1:cube/Src/stm32f0xx_it.c **** /**
   2:cube/Src/stm32f0xx_it.c ****   ******************************************************************************
   3:cube/Src/stm32f0xx_it.c ****   * @file    stm32f0xx_it.c
   4:cube/Src/stm32f0xx_it.c ****   * @brief   Interrupt Service Routines.
   5:cube/Src/stm32f0xx_it.c ****   ******************************************************************************
   6:cube/Src/stm32f0xx_it.c ****   *
   7:cube/Src/stm32f0xx_it.c ****   * COPYRIGHT(c) 2018 STMicroelectronics
   8:cube/Src/stm32f0xx_it.c ****   *
   9:cube/Src/stm32f0xx_it.c ****   * Redistribution and use in source and binary forms, with or without modification,
  10:cube/Src/stm32f0xx_it.c ****   * are permitted provided that the following conditions are met:
  11:cube/Src/stm32f0xx_it.c ****   *   1. Redistributions of source code must retain the above copyright notice,
  12:cube/Src/stm32f0xx_it.c ****   *      this list of conditions and the following disclaimer.
  13:cube/Src/stm32f0xx_it.c ****   *   2. Redistributions in binary form must reproduce the above copyright notice,
  14:cube/Src/stm32f0xx_it.c ****   *      this list of conditions and the following disclaimer in the documentation
  15:cube/Src/stm32f0xx_it.c ****   *      and/or other materials provided with the distribution.
  16:cube/Src/stm32f0xx_it.c ****   *   3. Neither the name of STMicroelectronics nor the names of its contributors
  17:cube/Src/stm32f0xx_it.c ****   *      may be used to endorse or promote products derived from this software
  18:cube/Src/stm32f0xx_it.c ****   *      without specific prior written permission.
  19:cube/Src/stm32f0xx_it.c ****   *
  20:cube/Src/stm32f0xx_it.c ****   * THIS SOFTWARE IS PROVIDED BY THE COPYRIGHT HOLDERS AND CONTRIBUTORS "AS IS"
  21:cube/Src/stm32f0xx_it.c ****   * AND ANY EXPRESS OR IMPLIED WARRANTIES, INCLUDING, BUT NOT LIMITED TO, THE
  22:cube/Src/stm32f0xx_it.c ****   * IMPLIED WARRANTIES OF MERCHANTABILITY AND FITNESS FOR A PARTICULAR PURPOSE ARE
  23:cube/Src/stm32f0xx_it.c ****   * DISCLAIMED. IN NO EVENT SHALL THE COPYRIGHT HOLDER OR CONTRIBUTORS BE LIABLE
  24:cube/Src/stm32f0xx_it.c ****   * FOR ANY DIRECT, INDIRECT, INCIDENTAL, SPECIAL, EXEMPLARY, OR CONSEQUENTIAL
  25:cube/Src/stm32f0xx_it.c ****   * DAMAGES (INCLUDING, BUT NOT LIMITED TO, PROCUREMENT OF SUBSTITUTE GOODS OR
  26:cube/Src/stm32f0xx_it.c ****   * SERVICES; LOSS OF USE, DATA, OR PROFITS; OR BUSINESS INTERRUPTION) HOWEVER
  27:cube/Src/stm32f0xx_it.c ****   * CAUSED AND ON ANY THEORY OF LIABILITY, WHETHER IN CONTRACT, STRICT LIABILITY,
  28:cube/Src/stm32f0xx_it.c ****   * OR TORT (INCLUDING NEGLIGENCE OR OTHERWISE) ARISING IN ANY WAY OUT OF THE USE
  29:cube/Src/stm32f0xx_it.c ****   * OF THIS SOFTWARE, EVEN IF ADVISED OF THE POSSIBILITY OF SUCH DAMAGE.
  30:cube/Src/stm32f0xx_it.c ****   *
  31:cube/Src/stm32f0xx_it.c ****   ******************************************************************************
  32:cube/Src/stm32f0xx_it.c ****   */
  33:cube/Src/stm32f0xx_it.c **** /* Includes ------------------------------------------------------------------*/
ARM GAS  /tmp/ccR2sYnf.s 			page 2


  34:cube/Src/stm32f0xx_it.c **** #include "stm32f0xx_hal.h"
  35:cube/Src/stm32f0xx_it.c **** #include "stm32f0xx.h"
  36:cube/Src/stm32f0xx_it.c **** #include "stm32f0xx_it.h"
  37:cube/Src/stm32f0xx_it.c **** 
  38:cube/Src/stm32f0xx_it.c **** /* USER CODE BEGIN 0 */
  39:cube/Src/stm32f0xx_it.c **** 
  40:cube/Src/stm32f0xx_it.c **** /* USER CODE END 0 */
  41:cube/Src/stm32f0xx_it.c **** 
  42:cube/Src/stm32f0xx_it.c **** /* External variables --------------------------------------------------------*/
  43:cube/Src/stm32f0xx_it.c **** 
  44:cube/Src/stm32f0xx_it.c **** /******************************************************************************/
  45:cube/Src/stm32f0xx_it.c **** /*            Cortex-M0 Processor Interruption and Exception Handlers         */ 
  46:cube/Src/stm32f0xx_it.c **** /******************************************************************************/
  47:cube/Src/stm32f0xx_it.c **** 
  48:cube/Src/stm32f0xx_it.c **** /**
  49:cube/Src/stm32f0xx_it.c **** * @brief This function handles Non maskable interrupt.
  50:cube/Src/stm32f0xx_it.c **** */
  51:cube/Src/stm32f0xx_it.c **** void NMI_Handler(void)
  52:cube/Src/stm32f0xx_it.c **** {
  26              		.loc 1 52 0
  27              		.cfi_startproc
  28              		@ args = 0, pretend = 0, frame = 0
  29              		@ frame_needed = 0, uses_anonymous_args = 0
  30              		@ link register save eliminated.
  53:cube/Src/stm32f0xx_it.c ****   /* USER CODE BEGIN NonMaskableInt_IRQn 0 */
  54:cube/Src/stm32f0xx_it.c **** 
  55:cube/Src/stm32f0xx_it.c ****   /* USER CODE END NonMaskableInt_IRQn 0 */
  56:cube/Src/stm32f0xx_it.c ****   /* USER CODE BEGIN NonMaskableInt_IRQn 1 */
  57:cube/Src/stm32f0xx_it.c **** 
  58:cube/Src/stm32f0xx_it.c ****   /* USER CODE END NonMaskableInt_IRQn 1 */
  59:cube/Src/stm32f0xx_it.c **** }
  31              		.loc 1 59 0
  32              		@ sp needed
  33 0000 7047     		bx	lr
  34              		.cfi_endproc
  35              	.LFE37:
  37              		.section	.text.HardFault_Handler,"ax",%progbits
  38              		.align	1
  39              		.global	HardFault_Handler
  40              		.syntax unified
  41              		.code	16
  42              		.thumb_func
  43              		.fpu softvfp
  45              	HardFault_Handler:
  46              	.LFB38:
  60:cube/Src/stm32f0xx_it.c **** 
  61:cube/Src/stm32f0xx_it.c **** /**
  62:cube/Src/stm32f0xx_it.c **** * @brief This function handles Hard fault interrupt.
  63:cube/Src/stm32f0xx_it.c **** */
  64:cube/Src/stm32f0xx_it.c **** void HardFault_Handler(void)
  65:cube/Src/stm32f0xx_it.c **** {
  47              		.loc 1 65 0
  48              		.cfi_startproc
  49              		@ Volatile: function does not return.
  50              		@ args = 0, pretend = 0, frame = 0
  51              		@ frame_needed = 0, uses_anonymous_args = 0
  52              		@ link register save eliminated.
ARM GAS  /tmp/ccR2sYnf.s 			page 3


  53              	.L3:
  54 0000 FEE7     		b	.L3
  55              		.cfi_endproc
  56              	.LFE38:
  58              		.section	.text.SVC_Handler,"ax",%progbits
  59              		.align	1
  60              		.global	SVC_Handler
  61              		.syntax unified
  62              		.code	16
  63              		.thumb_func
  64              		.fpu softvfp
  66              	SVC_Handler:
  67              	.LFB39:
  66:cube/Src/stm32f0xx_it.c ****   /* USER CODE BEGIN HardFault_IRQn 0 */
  67:cube/Src/stm32f0xx_it.c **** 
  68:cube/Src/stm32f0xx_it.c ****   /* USER CODE END HardFault_IRQn 0 */
  69:cube/Src/stm32f0xx_it.c ****   while (1)
  70:cube/Src/stm32f0xx_it.c ****   {
  71:cube/Src/stm32f0xx_it.c ****     /* USER CODE BEGIN W1_HardFault_IRQn 0 */
  72:cube/Src/stm32f0xx_it.c ****     /* USER CODE END W1_HardFault_IRQn 0 */
  73:cube/Src/stm32f0xx_it.c ****   }
  74:cube/Src/stm32f0xx_it.c ****   /* USER CODE BEGIN HardFault_IRQn 1 */
  75:cube/Src/stm32f0xx_it.c **** 
  76:cube/Src/stm32f0xx_it.c ****   /* USER CODE END HardFault_IRQn 1 */
  77:cube/Src/stm32f0xx_it.c **** }
  78:cube/Src/stm32f0xx_it.c **** 
  79:cube/Src/stm32f0xx_it.c **** /**
  80:cube/Src/stm32f0xx_it.c **** * @brief This function handles System service call via SWI instruction.
  81:cube/Src/stm32f0xx_it.c **** */
  82:cube/Src/stm32f0xx_it.c **** void SVC_Handler(void)
  83:cube/Src/stm32f0xx_it.c **** {
  68              		.loc 1 83 0
  69              		.cfi_startproc
  70              		@ args = 0, pretend = 0, frame = 0
  71              		@ frame_needed = 0, uses_anonymous_args = 0
  72              		@ link register save eliminated.
  84:cube/Src/stm32f0xx_it.c ****   /* USER CODE BEGIN SVC_IRQn 0 */
  85:cube/Src/stm32f0xx_it.c **** 
  86:cube/Src/stm32f0xx_it.c ****   /* USER CODE END SVC_IRQn 0 */
  87:cube/Src/stm32f0xx_it.c ****   /* USER CODE BEGIN SVC_IRQn 1 */
  88:cube/Src/stm32f0xx_it.c **** 
  89:cube/Src/stm32f0xx_it.c ****   /* USER CODE END SVC_IRQn 1 */
  90:cube/Src/stm32f0xx_it.c **** }
  73              		.loc 1 90 0
  74              		@ sp needed
  75 0000 7047     		bx	lr
  76              		.cfi_endproc
  77              	.LFE39:
  79              		.section	.text.PendSV_Handler,"ax",%progbits
  80              		.align	1
  81              		.global	PendSV_Handler
  82              		.syntax unified
  83              		.code	16
  84              		.thumb_func
  85              		.fpu softvfp
  87              	PendSV_Handler:
  88              	.LFB40:
ARM GAS  /tmp/ccR2sYnf.s 			page 4


  91:cube/Src/stm32f0xx_it.c **** 
  92:cube/Src/stm32f0xx_it.c **** /**
  93:cube/Src/stm32f0xx_it.c **** * @brief This function handles Pendable request for system service.
  94:cube/Src/stm32f0xx_it.c **** */
  95:cube/Src/stm32f0xx_it.c **** void PendSV_Handler(void)
  96:cube/Src/stm32f0xx_it.c **** {
  89              		.loc 1 96 0
  90              		.cfi_startproc
  91              		@ args = 0, pretend = 0, frame = 0
  92              		@ frame_needed = 0, uses_anonymous_args = 0
  93              		@ link register save eliminated.
  97:cube/Src/stm32f0xx_it.c ****   /* USER CODE BEGIN PendSV_IRQn 0 */
  98:cube/Src/stm32f0xx_it.c **** 
  99:cube/Src/stm32f0xx_it.c ****   /* USER CODE END PendSV_IRQn 0 */
 100:cube/Src/stm32f0xx_it.c ****   /* USER CODE BEGIN PendSV_IRQn 1 */
 101:cube/Src/stm32f0xx_it.c **** 
 102:cube/Src/stm32f0xx_it.c ****   /* USER CODE END PendSV_IRQn 1 */
 103:cube/Src/stm32f0xx_it.c **** }
  94              		.loc 1 103 0
  95              		@ sp needed
  96 0000 7047     		bx	lr
  97              		.cfi_endproc
  98              	.LFE40:
 100              		.section	.text.SysTick_Handler,"ax",%progbits
 101              		.align	1
 102              		.global	SysTick_Handler
 103              		.syntax unified
 104              		.code	16
 105              		.thumb_func
 106              		.fpu softvfp
 108              	SysTick_Handler:
 109              	.LFB41:
 104:cube/Src/stm32f0xx_it.c **** 
 105:cube/Src/stm32f0xx_it.c **** /**
 106:cube/Src/stm32f0xx_it.c **** * @brief This function handles System tick timer.
 107:cube/Src/stm32f0xx_it.c **** */
 108:cube/Src/stm32f0xx_it.c **** void SysTick_Handler(void)
 109:cube/Src/stm32f0xx_it.c **** {
 110              		.loc 1 109 0
 111              		.cfi_startproc
 112              		@ args = 0, pretend = 0, frame = 0
 113              		@ frame_needed = 0, uses_anonymous_args = 0
 114 0000 10B5     		push	{r4, lr}
 115              		.cfi_def_cfa_offset 8
 116              		.cfi_offset 4, -8
 117              		.cfi_offset 14, -4
 110:cube/Src/stm32f0xx_it.c ****   /* USER CODE BEGIN SysTick_IRQn 0 */
 111:cube/Src/stm32f0xx_it.c **** 
 112:cube/Src/stm32f0xx_it.c ****   /* USER CODE END SysTick_IRQn 0 */
 113:cube/Src/stm32f0xx_it.c ****   HAL_IncTick();
 118              		.loc 1 113 0
 119 0002 FFF7FEFF 		bl	HAL_IncTick
 120              	.LVL0:
 114:cube/Src/stm32f0xx_it.c ****   HAL_SYSTICK_IRQHandler();
 121              		.loc 1 114 0
 122 0006 FFF7FEFF 		bl	HAL_SYSTICK_IRQHandler
 123              	.LVL1:
ARM GAS  /tmp/ccR2sYnf.s 			page 5


 115:cube/Src/stm32f0xx_it.c ****   /* USER CODE BEGIN SysTick_IRQn 1 */
 116:cube/Src/stm32f0xx_it.c **** 
 117:cube/Src/stm32f0xx_it.c ****   /* USER CODE END SysTick_IRQn 1 */
 118:cube/Src/stm32f0xx_it.c **** }
 124              		.loc 1 118 0
 125              		@ sp needed
 126 000a 10BD     		pop	{r4, pc}
 127              		.cfi_endproc
 128              	.LFE41:
 130              		.text
 131              	.Letext0:
 132              		.file 2 "/home/lhaug/Documents/gcc-arm-none-eabi-7-2018-q2-update/arm-none-eabi/include/machine/_d
 133              		.file 3 "/home/lhaug/Documents/gcc-arm-none-eabi-7-2018-q2-update/arm-none-eabi/include/sys/_stdin
 134              		.file 4 "cube/Drivers/CMSIS/Device/ST/STM32F0xx/Include/system_stm32f0xx.h"
 135              		.file 5 "/home/lhaug/Documents/gcc-arm-none-eabi-7-2018-q2-update/arm-none-eabi/include/sys/lock.h
 136              		.file 6 "/home/lhaug/Documents/gcc-arm-none-eabi-7-2018-q2-update/arm-none-eabi/include/sys/_types
 137              		.file 7 "/home/lhaug/Documents/gcc-arm-none-eabi-7-2018-q2-update/lib/gcc/arm-none-eabi/7.3.1/incl
 138              		.file 8 "/home/lhaug/Documents/gcc-arm-none-eabi-7-2018-q2-update/arm-none-eabi/include/sys/reent.
 139              		.file 9 "cube/Drivers/STM32F0xx_HAL_Driver/Inc/stm32f0xx_hal.h"
 140              		.file 10 "cube/Drivers/STM32F0xx_HAL_Driver/Inc/stm32f0xx_hal_cortex.h"
ARM GAS  /tmp/ccR2sYnf.s 			page 6


DEFINED SYMBOLS
                            *ABS*:0000000000000000 stm32f0xx_it.c
     /tmp/ccR2sYnf.s:16     .text.NMI_Handler:0000000000000000 $t
     /tmp/ccR2sYnf.s:23     .text.NMI_Handler:0000000000000000 NMI_Handler
     /tmp/ccR2sYnf.s:38     .text.HardFault_Handler:0000000000000000 $t
     /tmp/ccR2sYnf.s:45     .text.HardFault_Handler:0000000000000000 HardFault_Handler
     /tmp/ccR2sYnf.s:59     .text.SVC_Handler:0000000000000000 $t
     /tmp/ccR2sYnf.s:66     .text.SVC_Handler:0000000000000000 SVC_Handler
     /tmp/ccR2sYnf.s:80     .text.PendSV_Handler:0000000000000000 $t
     /tmp/ccR2sYnf.s:87     .text.PendSV_Handler:0000000000000000 PendSV_Handler
     /tmp/ccR2sYnf.s:101    .text.SysTick_Handler:0000000000000000 $t
     /tmp/ccR2sYnf.s:108    .text.SysTick_Handler:0000000000000000 SysTick_Handler
                           .group:0000000000000000 wm4.0.f4162676b8f623651f7a1199aa7e48f7
                           .group:0000000000000000 wm4.main.h.42.3e9602f258f21c216c24749e16771da2
                           .group:0000000000000000 wm4.stm32f0xx_hal_conf.h.51.106428aa4afcad6bf79baa0a3e608f3f
                           .group:0000000000000000 wm4.stm32f0xx.h.55.6dda558900ae83b4ddf41af91bcbf2f5
                           .group:0000000000000000 wm4.stm32f072xb.h.53.c99f4c72149ed98740992cfc418a4d39
                           .group:0000000000000000 wm4._newlib_version.h.4.875b979a44719054cd750d0952ad3fd6
                           .group:0000000000000000 wm4.features.h.33.d0b7f3cd6ee95f610104014bb3ed522a
                           .group:0000000000000000 wm4._default_types.h.15.247e5cd201eca3442cbf5404108c4935
                           .group:0000000000000000 wm4._intsup.h.10.cce27fed8484c08a33f522034c30d2b5
                           .group:0000000000000000 wm4._stdint.h.10.c24fa3af3bc1706662bb5593a907e841
                           .group:0000000000000000 wm4.stdint.h.23.d53047a68f4a85177f80b422d52785ed
                           .group:0000000000000000 wm4.core_cm0.h.74.a7f5ed9ff199b3163f5ed99892efe60d
                           .group:0000000000000000 wm4.cmsis_gcc.h.36.5bb14fd68ce7855540fcfe2d9305ae16
                           .group:0000000000000000 wm4.core_cm0.h.175.2353140684a11cc8267b4125ac92735e
                           .group:0000000000000000 wm4.stm32f072xb.h.653.664388dc5ef2a697008be7ff13986fc5
                           .group:0000000000000000 wm4.stm32f0xx.h.186.8a2f1abf0fccd74c76b01fef06350694
                           .group:0000000000000000 wm4.newlib.h.8.f6e543eac3f2f65163ba2ffe3b04987b
                           .group:0000000000000000 wm4.ieeefp.h.77.220d9cccac42cd58761758bee2df4ce6
                           .group:0000000000000000 wm4.config.h.220.6cac6a9685cfce5e83c17784171638d9
                           .group:0000000000000000 wm4._ansi.h.31.de524f58584151836e90d8620a16f8e8
                           .group:0000000000000000 wm4.stdio.h.31.7c0e28c411445f3f9c5b11accf882760
                           .group:0000000000000000 wm4.stddef.h.187.2ff233552538c6ff9b8575ca8ea52cb3
                           .group:0000000000000000 wm4.cdefs.h.47.0bcdf94cb40e176393dd1404056825b4
                           .group:0000000000000000 wm4.stddef.h.39.ec95e8feac892e292b69dc7ae75b0d64
                           .group:0000000000000000 wm4.stdarg.h.34.3a23a216c0c293b3d2ea2e89281481e6
                           .group:0000000000000000 wm4.lock.h.2.1461d1fff82dffe8bfddc23307f6484f
                           .group:0000000000000000 wm4._types.h.125.5cf8a495f1f7ef36777ad868a1e32068
                           .group:0000000000000000 wm4.stddef.h.161.5349cb105733e8777bfb0cf53c4e3f34
                           .group:0000000000000000 wm4._types.h.184.03611d4f6b5bec9997bcf4279eceba07
                           .group:0000000000000000 wm4.reent.h.17.90c2574d4acdcfce933db5cb09ff35fe
                           .group:0000000000000000 wm4.types.h.40.e8c16e7ec36ba55f133d0616070e25fc
                           .group:0000000000000000 wm4.types.h.114.fb65732f4f5f288a036a25898de2c91f
                           .group:0000000000000000 wm4.stdio.h.2.4aa87247282eca6c8f36f9de33d8df1a
                           .group:0000000000000000 wm4.stdio.h.81.2a55589bfa3ee24eeb84e3c79458e4a9
                           .group:0000000000000000 wm4.stm32f0xx_hal_def.h.76.81362c22f1bfa407bb20bdc5ef2fe817
                           .group:0000000000000000 wm4.stm32f0xx_hal_rcc.h.64.1680b96367ed05251327e73e2ef7e0a0
                           .group:0000000000000000 wm4.stm32f0xx_hal_rcc_ex.h.38.fed157297eb0e49fa475a8f4d962b1a1
                           .group:0000000000000000 wm4.stm32f0xx_hal_gpio.h.38.5de46a121e30d1d136216266f57becb9
                           .group:0000000000000000 wm4.stm32f0xx_hal_gpio_ex.h.38.4ae096506dfd35e4cd1e2bfdbf19c71f
                           .group:0000000000000000 wm4.stm32f0xx_hal_dma.h.38.9bc992aa465d2468bc055502b51063f3
                           .group:0000000000000000 wm4.stm32f0xx_hal_dma_ex.h.38.c2269542e0bcc97944af39289a0a60b8
                           .group:0000000000000000 wm4.stm32f0xx_hal_dma.h.500.3b36a5be41f3e2ac138f4041ccf5cecb
                           .group:0000000000000000 wm4.stm32f0xx_hal_cortex.h.38.61b1088b7495d338bc65ee2571a0bb95
                           .group:0000000000000000 wm4.stm32f0xx_hal_flash.h.38.752a2d52b6ea91b900355f4ecd0538c0
                           .group:0000000000000000 wm4.stm32f0xx_hal_flash_ex.h.38.8097982a0077322c9b7a892e64a756d8
ARM GAS  /tmp/ccR2sYnf.s 			page 7


                           .group:0000000000000000 wm4.stm32f0xx_hal_i2c.h.38.387f38a4bc9cbea958e7081da9f60815
                           .group:0000000000000000 wm4.stm32f0xx_hal_i2c_ex.h.38.9a4523b2ddbaaa2727287ccab47d88d1
                           .group:0000000000000000 wm4.stm32f0xx_hal_i2c.h.625.1e7eff54876bba211f769007bbafd5f1
                           .group:0000000000000000 wm4.stm32f0xx_hal_pwr.h.38.2c4d8c2e90fc76cec57b78b078d485d1
                           .group:0000000000000000 wm4.stm32f0xx_hal_pwr_ex.h.38.e18331c4036598a45f5d1fd3922b2997
                           .group:0000000000000000 wm4.stm32f0xx_hal.h.70.818459bc3b31dd9e51543930b5b3b8df

UNDEFINED SYMBOLS
HAL_IncTick
HAL_SYSTICK_IRQHandler
