ARM GAS  /tmp/cc3e7RAI.s 			page 1


   1              		.cpu cortex-m0
   2              		.eabi_attribute 20, 1
   3              		.eabi_attribute 21, 1
   4              		.eabi_attribute 23, 3
   5              		.eabi_attribute 24, 1
   6              		.eabi_attribute 25, 1
   7              		.eabi_attribute 26, 1
   8              		.eabi_attribute 30, 1
   9              		.eabi_attribute 34, 0
  10              		.eabi_attribute 18, 4
  11              		.file	"stm32f0xx_hal_tim_ex.c"
  12              		.text
  13              	.Ltext0:
  14              		.cfi_sections	.debug_frame
  15              	.Letext0:
  16              		.file 1 "/home/lhaug/Documents/gcc-arm-none-eabi-7-2018-q2-update/arm-none-eabi/include/machine/_d
  17              		.file 2 "/home/lhaug/Documents/gcc-arm-none-eabi-7-2018-q2-update/arm-none-eabi/include/sys/_stdin
  18              		.file 3 "cube/Drivers/CMSIS/Device/ST/STM32F0xx/Include/system_stm32f0xx.h"
  19              		.file 4 "/home/lhaug/Documents/gcc-arm-none-eabi-7-2018-q2-update/arm-none-eabi/include/sys/lock.h
  20              		.file 5 "/home/lhaug/Documents/gcc-arm-none-eabi-7-2018-q2-update/arm-none-eabi/include/sys/_types
  21              		.file 6 "/home/lhaug/Documents/gcc-arm-none-eabi-7-2018-q2-update/lib/gcc/arm-none-eabi/7.3.1/incl
  22              		.file 7 "/home/lhaug/Documents/gcc-arm-none-eabi-7-2018-q2-update/arm-none-eabi/include/sys/reent.
ARM GAS  /tmp/cc3e7RAI.s 			page 2


DEFINED SYMBOLS
                            *ABS*:0000000000000000 stm32f0xx_hal_tim_ex.c
                           .group:0000000000000000 wm4.0.f4162676b8f623651f7a1199aa7e48f7
                           .group:0000000000000000 wm4.main.h.42.3e9602f258f21c216c24749e16771da2
                           .group:0000000000000000 wm4.stm32f0xx_hal_conf.h.51.106428aa4afcad6bf79baa0a3e608f3f
                           .group:0000000000000000 wm4.stm32f0xx.h.55.6dda558900ae83b4ddf41af91bcbf2f5
                           .group:0000000000000000 wm4.stm32f072xb.h.53.c99f4c72149ed98740992cfc418a4d39
                           .group:0000000000000000 wm4._newlib_version.h.4.875b979a44719054cd750d0952ad3fd6
                           .group:0000000000000000 wm4.features.h.33.d0b7f3cd6ee95f610104014bb3ed522a
                           .group:0000000000000000 wm4._default_types.h.15.247e5cd201eca3442cbf5404108c4935
                           .group:0000000000000000 wm4._intsup.h.10.cce27fed8484c08a33f522034c30d2b5
                           .group:0000000000000000 wm4._stdint.h.10.c24fa3af3bc1706662bb5593a907e841
                           .group:0000000000000000 wm4.stdint.h.23.d53047a68f4a85177f80b422d52785ed
                           .group:0000000000000000 wm4.core_cm0.h.74.a7f5ed9ff199b3163f5ed99892efe60d
                           .group:0000000000000000 wm4.cmsis_gcc.h.36.5bb14fd68ce7855540fcfe2d9305ae16
                           .group:0000000000000000 wm4.core_cm0.h.175.2353140684a11cc8267b4125ac92735e
                           .group:0000000000000000 wm4.stm32f072xb.h.653.664388dc5ef2a697008be7ff13986fc5
                           .group:0000000000000000 wm4.stm32f0xx.h.186.8a2f1abf0fccd74c76b01fef06350694
                           .group:0000000000000000 wm4.newlib.h.8.f6e543eac3f2f65163ba2ffe3b04987b
                           .group:0000000000000000 wm4.ieeefp.h.77.220d9cccac42cd58761758bee2df4ce6
                           .group:0000000000000000 wm4.config.h.220.6cac6a9685cfce5e83c17784171638d9
                           .group:0000000000000000 wm4._ansi.h.31.de524f58584151836e90d8620a16f8e8
                           .group:0000000000000000 wm4.stdio.h.31.7c0e28c411445f3f9c5b11accf882760
                           .group:0000000000000000 wm4.stddef.h.187.2ff233552538c6ff9b8575ca8ea52cb3
                           .group:0000000000000000 wm4.cdefs.h.47.0bcdf94cb40e176393dd1404056825b4
                           .group:0000000000000000 wm4.stddef.h.39.ec95e8feac892e292b69dc7ae75b0d64
                           .group:0000000000000000 wm4.stdarg.h.34.3a23a216c0c293b3d2ea2e89281481e6
                           .group:0000000000000000 wm4.lock.h.2.1461d1fff82dffe8bfddc23307f6484f
                           .group:0000000000000000 wm4._types.h.125.5cf8a495f1f7ef36777ad868a1e32068
                           .group:0000000000000000 wm4.stddef.h.161.5349cb105733e8777bfb0cf53c4e3f34
                           .group:0000000000000000 wm4._types.h.184.03611d4f6b5bec9997bcf4279eceba07
                           .group:0000000000000000 wm4.reent.h.17.90c2574d4acdcfce933db5cb09ff35fe
                           .group:0000000000000000 wm4.types.h.40.e8c16e7ec36ba55f133d0616070e25fc
                           .group:0000000000000000 wm4.types.h.114.fb65732f4f5f288a036a25898de2c91f
                           .group:0000000000000000 wm4.stdio.h.2.4aa87247282eca6c8f36f9de33d8df1a
                           .group:0000000000000000 wm4.stdio.h.81.2a55589bfa3ee24eeb84e3c79458e4a9
                           .group:0000000000000000 wm4.stm32f0xx_hal_def.h.76.81362c22f1bfa407bb20bdc5ef2fe817
                           .group:0000000000000000 wm4.stm32f0xx_hal_rcc.h.64.1680b96367ed05251327e73e2ef7e0a0
                           .group:0000000000000000 wm4.stm32f0xx_hal_rcc_ex.h.38.fed157297eb0e49fa475a8f4d962b1a1
                           .group:0000000000000000 wm4.stm32f0xx_hal_gpio.h.38.5de46a121e30d1d136216266f57becb9
                           .group:0000000000000000 wm4.stm32f0xx_hal_gpio_ex.h.38.4ae096506dfd35e4cd1e2bfdbf19c71f
                           .group:0000000000000000 wm4.stm32f0xx_hal_dma.h.38.9bc992aa465d2468bc055502b51063f3
                           .group:0000000000000000 wm4.stm32f0xx_hal_dma_ex.h.38.c2269542e0bcc97944af39289a0a60b8
                           .group:0000000000000000 wm4.stm32f0xx_hal_dma.h.500.3b36a5be41f3e2ac138f4041ccf5cecb
                           .group:0000000000000000 wm4.stm32f0xx_hal_cortex.h.38.61b1088b7495d338bc65ee2571a0bb95
                           .group:0000000000000000 wm4.stm32f0xx_hal_flash.h.38.752a2d52b6ea91b900355f4ecd0538c0
                           .group:0000000000000000 wm4.stm32f0xx_hal_flash_ex.h.38.8097982a0077322c9b7a892e64a756d8
                           .group:0000000000000000 wm4.stm32f0xx_hal_i2c.h.38.387f38a4bc9cbea958e7081da9f60815
                           .group:0000000000000000 wm4.stm32f0xx_hal_i2c_ex.h.38.9a4523b2ddbaaa2727287ccab47d88d1
                           .group:0000000000000000 wm4.stm32f0xx_hal_i2c.h.625.1e7eff54876bba211f769007bbafd5f1
                           .group:0000000000000000 wm4.stm32f0xx_hal_pwr.h.38.2c4d8c2e90fc76cec57b78b078d485d1
                           .group:0000000000000000 wm4.stm32f0xx_hal_pwr_ex.h.38.e18331c4036598a45f5d1fd3922b2997
                           .group:0000000000000000 wm4.stm32f0xx_hal.h.70.818459bc3b31dd9e51543930b5b3b8df

NO UNDEFINED SYMBOLS
